[2018-05-24 14:10:17.923] [INFO] http - ::1 - - "GET / HTTP/1.1" 200 - "" "Mozilla/5.0 (Windows NT 10.0; Win64; x64) AppleWebKit/537.36 (KHTML, like Gecko) Chrome/66.0.3359.181 Safari/537.36"
[2018-05-24 14:10:17.940] [WARN] http - ::1 - - "GET /assets/css/bootstrap.min.css HTTP/1.1" 304 - "http://localhost:8080/" "Mozilla/5.0 (Windows NT 10.0; Win64; x64) AppleWebKit/537.36 (KHTML, like Gecko) Chrome/66.0.3359.181 Safari/537.36"
[2018-05-24 14:10:17.949] [WARN] http - ::1 - - "GET /assets/css/core.css HTTP/1.1" 304 - "http://localhost:8080/" "Mozilla/5.0 (Windows NT 10.0; Win64; x64) AppleWebKit/537.36 (KHTML, like Gecko) Chrome/66.0.3359.181 Safari/537.36"
[2018-05-24 14:10:17.955] [WARN] http - ::1 - - "GET /assets/css/icons.css HTTP/1.1" 304 - "http://localhost:8080/" "Mozilla/5.0 (Windows NT 10.0; Win64; x64) AppleWebKit/537.36 (KHTML, like Gecko) Chrome/66.0.3359.181 Safari/537.36"
[2018-05-24 14:10:17.961] [WARN] http - ::1 - - "GET /assets/css/components.css HTTP/1.1" 304 - "http://localhost:8080/" "Mozilla/5.0 (Windows NT 10.0; Win64; x64) AppleWebKit/537.36 (KHTML, like Gecko) Chrome/66.0.3359.181 Safari/537.36"
[2018-05-24 14:10:17.966] [WARN] http - ::1 - - "GET /assets/css/pages.css HTTP/1.1" 304 - "http://localhost:8080/" "Mozilla/5.0 (Windows NT 10.0; Win64; x64) AppleWebKit/537.36 (KHTML, like Gecko) Chrome/66.0.3359.181 Safari/537.36"
[2018-05-24 14:10:17.970] [WARN] http - ::1 - - "GET /assets/css/menu.css HTTP/1.1" 304 - "http://localhost:8080/" "Mozilla/5.0 (Windows NT 10.0; Win64; x64) AppleWebKit/537.36 (KHTML, like Gecko) Chrome/66.0.3359.181 Safari/537.36"
[2018-05-24 14:10:17.973] [WARN] http - ::1 - - "GET /assets/css/responsive.css HTTP/1.1" 304 - "http://localhost:8080/" "Mozilla/5.0 (Windows NT 10.0; Win64; x64) AppleWebKit/537.36 (KHTML, like Gecko) Chrome/66.0.3359.181 Safari/537.36"
[2018-05-24 14:10:17.977] [WARN] http - ::1 - - "GET /assets/css/full-slider.css HTTP/1.1" 304 - "http://localhost:8080/" "Mozilla/5.0 (Windows NT 10.0; Win64; x64) AppleWebKit/537.36 (KHTML, like Gecko) Chrome/66.0.3359.181 Safari/537.36"
[2018-05-24 14:10:17.981] [WARN] http - ::1 - - "GET /assets/js/modernizr.min.js HTTP/1.1" 304 - "http://localhost:8080/" "Mozilla/5.0 (Windows NT 10.0; Win64; x64) AppleWebKit/537.36 (KHTML, like Gecko) Chrome/66.0.3359.181 Safari/537.36"
[2018-05-24 14:10:17.985] [WARN] http - ::1 - - "GET /assets/js/jquery.min.js HTTP/1.1" 304 - "http://localhost:8080/" "Mozilla/5.0 (Windows NT 10.0; Win64; x64) AppleWebKit/537.36 (KHTML, like Gecko) Chrome/66.0.3359.181 Safari/537.36"
[2018-05-24 14:10:18.044] [WARN] http - ::1 - - "GET /assets/js/bootstrap.min.js HTTP/1.1" 304 - "http://localhost:8080/" "Mozilla/5.0 (Windows NT 10.0; Win64; x64) AppleWebKit/537.36 (KHTML, like Gecko) Chrome/66.0.3359.181 Safari/537.36"
[2018-05-24 14:10:18.048] [WARN] http - ::1 - - "GET /assets/js/detect.js HTTP/1.1" 304 - "http://localhost:8080/" "Mozilla/5.0 (Windows NT 10.0; Win64; x64) AppleWebKit/537.36 (KHTML, like Gecko) Chrome/66.0.3359.181 Safari/537.36"
[2018-05-24 14:10:18.052] [WARN] http - ::1 - - "GET /assets/js/fastclick.js HTTP/1.1" 304 - "http://localhost:8080/" "Mozilla/5.0 (Windows NT 10.0; Win64; x64) AppleWebKit/537.36 (KHTML, like Gecko) Chrome/66.0.3359.181 Safari/537.36"
[2018-05-24 14:10:18.056] [WARN] http - ::1 - - "GET /assets/js/jquery.slimscroll.js HTTP/1.1" 304 - "http://localhost:8080/" "Mozilla/5.0 (Windows NT 10.0; Win64; x64) AppleWebKit/537.36 (KHTML, like Gecko) Chrome/66.0.3359.181 Safari/537.36"
[2018-05-24 14:10:18.061] [WARN] http - ::1 - - "GET /assets/js/jquery.blockUI.js HTTP/1.1" 304 - "http://localhost:8080/" "Mozilla/5.0 (Windows NT 10.0; Win64; x64) AppleWebKit/537.36 (KHTML, like Gecko) Chrome/66.0.3359.181 Safari/537.36"
[2018-05-24 14:10:18.064] [WARN] http - ::1 - - "GET /assets/js/waves.js HTTP/1.1" 304 - "http://localhost:8080/" "Mozilla/5.0 (Windows NT 10.0; Win64; x64) AppleWebKit/537.36 (KHTML, like Gecko) Chrome/66.0.3359.181 Safari/537.36"
[2018-05-24 14:10:18.070] [WARN] http - ::1 - - "GET /assets/js/wow.min.js HTTP/1.1" 304 - "http://localhost:8080/" "Mozilla/5.0 (Windows NT 10.0; Win64; x64) AppleWebKit/537.36 (KHTML, like Gecko) Chrome/66.0.3359.181 Safari/537.36"
[2018-05-24 14:10:18.074] [WARN] http - ::1 - - "GET /assets/js/jquery.nicescroll.js HTTP/1.1" 304 - "http://localhost:8080/" "Mozilla/5.0 (Windows NT 10.0; Win64; x64) AppleWebKit/537.36 (KHTML, like Gecko) Chrome/66.0.3359.181 Safari/537.36"
[2018-05-24 14:10:18.077] [WARN] http - ::1 - - "GET /assets/js/jquery.scrollTo.min.js HTTP/1.1" 304 - "http://localhost:8080/" "Mozilla/5.0 (Windows NT 10.0; Win64; x64) AppleWebKit/537.36 (KHTML, like Gecko) Chrome/66.0.3359.181 Safari/537.36"
[2018-05-24 14:10:18.081] [WARN] http - ::1 - - "GET /assets/js/jquery.core.js HTTP/1.1" 304 - "http://localhost:8080/" "Mozilla/5.0 (Windows NT 10.0; Win64; x64) AppleWebKit/537.36 (KHTML, like Gecko) Chrome/66.0.3359.181 Safari/537.36"
[2018-05-24 14:10:18.086] [WARN] http - ::1 - - "GET /assets/js/jquery.app.js HTTP/1.1" 304 - "http://localhost:8080/" "Mozilla/5.0 (Windows NT 10.0; Win64; x64) AppleWebKit/537.36 (KHTML, like Gecko) Chrome/66.0.3359.181 Safari/537.36"
[2018-05-24 14:10:18.090] [WARN] http - ::1 - - "GET /isu/js/index.js HTTP/1.1" 304 - "http://localhost:8080/" "Mozilla/5.0 (Windows NT 10.0; Win64; x64) AppleWebKit/537.36 (KHTML, like Gecko) Chrome/66.0.3359.181 Safari/537.36"
[2018-05-24 14:10:18.094] [WARN] http - ::1 - - "GET /assets/images/ci_isusystem.png HTTP/1.1" 304 - "http://localhost:8080/" "Mozilla/5.0 (Windows NT 10.0; Win64; x64) AppleWebKit/537.36 (KHTML, like Gecko) Chrome/66.0.3359.181 Safari/537.36"
[2018-05-24 14:10:22.121] [WARN] http - ::1 - - "GET /assets/images/bg_login_1.jpg HTTP/1.1" 304 - "http://localhost:8080/" "Mozilla/5.0 (Windows NT 10.0; Win64; x64) AppleWebKit/537.36 (KHTML, like Gecko) Chrome/66.0.3359.181 Safari/537.36"
[2018-05-24 14:10:22.124] [WARN] http - ::1 - - "GET /assets/fonts/Material-Design-Iconic-Font.woff?v=1.0.1 HTTP/1.1" 304 - "http://localhost:8080/assets/css/icons.css" "Mozilla/5.0 (Windows NT 10.0; Win64; x64) AppleWebKit/537.36 (KHTML, like Gecko) Chrome/66.0.3359.181 Safari/537.36"
[2018-05-24 14:10:22.403] [WARN] http - ::1 - - "GET /assets/images/favicon_1.ico HTTP/1.1" 304 - "http://localhost:8080/" "Mozilla/5.0 (Windows NT 10.0; Win64; x64) AppleWebKit/537.36 (KHTML, like Gecko) Chrome/66.0.3359.181 Safari/537.36"
[2018-05-24 14:10:24.275] [WARN] http - ::1 - - "GET /assets/fonts/fontawesome-webfont.woff2?v=4.7.0 HTTP/1.1" 304 - "http://localhost:8080/assets/css/icons.css" "Mozilla/5.0 (Windows NT 10.0; Win64; x64) AppleWebKit/537.36 (KHTML, like Gecko) Chrome/66.0.3359.181 Safari/537.36"
[2018-05-24 14:10:25.803] [INFO] http - ::1 - - "POST /index HTTP/1.1" 200 - "http://localhost:8080/" "Mozilla/5.0 (Windows NT 10.0; Win64; x64) AppleWebKit/537.36 (KHTML, like Gecko) Chrome/66.0.3359.181 Safari/537.36"
[2018-05-24 14:10:25.839] [WARN] http - ::1 - - "GET /assets/css/bootstrap.min.css HTTP/1.1" 304 - "http://localhost:8080/index" "Mozilla/5.0 (Windows NT 10.0; Win64; x64) AppleWebKit/537.36 (KHTML, like Gecko) Chrome/66.0.3359.181 Safari/537.36"
[2018-05-24 14:10:25.839] [WARN] http - ::1 - - "GET /assets/css/core.css HTTP/1.1" 304 - "http://localhost:8080/index" "Mozilla/5.0 (Windows NT 10.0; Win64; x64) AppleWebKit/537.36 (KHTML, like Gecko) Chrome/66.0.3359.181 Safari/537.36"
[2018-05-24 14:10:25.840] [WARN] http - ::1 - - "GET /assets/css/icons.css HTTP/1.1" 304 - "http://localhost:8080/index" "Mozilla/5.0 (Windows NT 10.0; Win64; x64) AppleWebKit/537.36 (KHTML, like Gecko) Chrome/66.0.3359.181 Safari/537.36"
[2018-05-24 14:10:25.840] [WARN] http - ::1 - - "GET /plugins/switchery/switchery.min.css HTTP/1.1" 304 - "http://localhost:8080/index" "Mozilla/5.0 (Windows NT 10.0; Win64; x64) AppleWebKit/537.36 (KHTML, like Gecko) Chrome/66.0.3359.181 Safari/537.36"
[2018-05-24 14:10:25.841] [WARN] http - ::1 - - "GET /plugins/jquery-circliful/css/jquery.circliful.css HTTP/1.1" 304 - "http://localhost:8080/index" "Mozilla/5.0 (Windows NT 10.0; Win64; x64) AppleWebKit/537.36 (KHTML, like Gecko) Chrome/66.0.3359.181 Safari/537.36"
[2018-05-24 14:10:25.842] [WARN] http - ::1 - - "GET /assets/css/components.css HTTP/1.1" 304 - "http://localhost:8080/index" "Mozilla/5.0 (Windows NT 10.0; Win64; x64) AppleWebKit/537.36 (KHTML, like Gecko) Chrome/66.0.3359.181 Safari/537.36"
[2018-05-24 14:10:25.848] [WARN] http - ::1 - - "GET /assets/css/responsive.css HTTP/1.1" 304 - "http://localhost:8080/index" "Mozilla/5.0 (Windows NT 10.0; Win64; x64) AppleWebKit/537.36 (KHTML, like Gecko) Chrome/66.0.3359.181 Safari/537.36"
[2018-05-24 14:10:25.849] [WARN] http - ::1 - - "GET /assets/css/menu_light.css HTTP/1.1" 304 - "http://localhost:8080/index" "Mozilla/5.0 (Windows NT 10.0; Win64; x64) AppleWebKit/537.36 (KHTML, like Gecko) Chrome/66.0.3359.181 Safari/537.36"
[2018-05-24 14:10:25.850] [WARN] http - ::1 - - "GET /assets/js/modernizr.min.js HTTP/1.1" 304 - "http://localhost:8080/index" "Mozilla/5.0 (Windows NT 10.0; Win64; x64) AppleWebKit/537.36 (KHTML, like Gecko) Chrome/66.0.3359.181 Safari/537.36"
[2018-05-24 14:10:25.850] [WARN] http - ::1 - - "GET /assets/js/jquery.min.js HTTP/1.1" 304 - "http://localhost:8080/index" "Mozilla/5.0 (Windows NT 10.0; Win64; x64) AppleWebKit/537.36 (KHTML, like Gecko) Chrome/66.0.3359.181 Safari/537.36"
[2018-05-24 14:10:25.852] [WARN] http - ::1 - - "GET /assets/js/bootstrap.min.js HTTP/1.1" 304 - "http://localhost:8080/index" "Mozilla/5.0 (Windows NT 10.0; Win64; x64) AppleWebKit/537.36 (KHTML, like Gecko) Chrome/66.0.3359.181 Safari/537.36"
[2018-05-24 14:10:25.855] [WARN] http - ::1 - - "GET /plugins/switchery/switchery.min.js HTTP/1.1" 304 - "http://localhost:8080/index" "Mozilla/5.0 (Windows NT 10.0; Win64; x64) AppleWebKit/537.36 (KHTML, like Gecko) Chrome/66.0.3359.181 Safari/537.36"
[2018-05-24 14:10:25.858] [WARN] http - ::1 - - "GET /plugins/counterup/jquery.counterup.min.js HTTP/1.1" 304 - "http://localhost:8080/index" "Mozilla/5.0 (Windows NT 10.0; Win64; x64) AppleWebKit/537.36 (KHTML, like Gecko) Chrome/66.0.3359.181 Safari/537.36"
[2018-05-24 14:10:25.858] [WARN] http - ::1 - - "GET /plugins/jquery-sparkline/jquery.sparkline.min.js HTTP/1.1" 304 - "http://localhost:8080/index" "Mozilla/5.0 (Windows NT 10.0; Win64; x64) AppleWebKit/537.36 (KHTML, like Gecko) Chrome/66.0.3359.181 Safari/537.36"
[2018-05-24 14:10:25.859] [WARN] http - ::1 - - "GET /isu/js/main/admin.js HTTP/1.1" 304 - "http://localhost:8080/index" "Mozilla/5.0 (Windows NT 10.0; Win64; x64) AppleWebKit/537.36 (KHTML, like Gecko) Chrome/66.0.3359.181 Safari/537.36"
[2018-05-24 14:10:25.859] [WARN] http - ::1 - - "GET /isu/js/statistic/chart_main.js HTTP/1.1" 304 - "http://localhost:8080/index" "Mozilla/5.0 (Windows NT 10.0; Win64; x64) AppleWebKit/537.36 (KHTML, like Gecko) Chrome/66.0.3359.181 Safari/537.36"
[2018-05-24 14:10:25.865] [WARN] http - ::1 - - "GET /plugins/skyicons/skycons.min.js HTTP/1.1" 304 - "http://localhost:8080/index" "Mozilla/5.0 (Windows NT 10.0; Win64; x64) AppleWebKit/537.36 (KHTML, like Gecko) Chrome/66.0.3359.181 Safari/537.36"
[2018-05-24 14:10:25.867] [WARN] http - ::1 - - "GET /plugins/waypoints/lib/jquery.waypoints.js HTTP/1.1" 304 - "http://localhost:8080/index" "Mozilla/5.0 (Windows NT 10.0; Win64; x64) AppleWebKit/537.36 (KHTML, like Gecko) Chrome/66.0.3359.181 Safari/537.36"
[2018-05-24 14:10:25.868] [WARN] http - ::1 - - "GET /plugins/jquery-circliful/js/jquery.circliful.min.js HTTP/1.1" 304 - "http://localhost:8080/index" "Mozilla/5.0 (Windows NT 10.0; Win64; x64) AppleWebKit/537.36 (KHTML, like Gecko) Chrome/66.0.3359.181 Safari/537.36"
[2018-05-24 14:10:25.873] [WARN] http - ::1 - - "GET /assets/js/jquery.core.js HTTP/1.1" 304 - "http://localhost:8080/index" "Mozilla/5.0 (Windows NT 10.0; Win64; x64) AppleWebKit/537.36 (KHTML, like Gecko) Chrome/66.0.3359.181 Safari/537.36"
[2018-05-24 14:10:25.880] [WARN] http - ::1 - - "GET /assets/js/jquery.app.js HTTP/1.1" 304 - "http://localhost:8080/index" "Mozilla/5.0 (Windows NT 10.0; Win64; x64) AppleWebKit/537.36 (KHTML, like Gecko) Chrome/66.0.3359.181 Safari/537.36"
[2018-05-24 14:10:25.888] [WARN] http - ::1 - - "GET /isu/images/ci_isu_white.png HTTP/1.1" 304 - "http://localhost:8080/index" "Mozilla/5.0 (Windows NT 10.0; Win64; x64) AppleWebKit/537.36 (KHTML, like Gecko) Chrome/66.0.3359.181 Safari/537.36"
[2018-05-24 14:10:25.936] [WARN] http - ::1 - - "GET /assets/fonts/Material-Design-Iconic-Font.woff?v=1.0.1 HTTP/1.1" 304 - "http://localhost:8080/assets/css/icons.css" "Mozilla/5.0 (Windows NT 10.0; Win64; x64) AppleWebKit/537.36 (KHTML, like Gecko) Chrome/66.0.3359.181 Safari/537.36"
[2018-05-24 14:10:26.103] [INFO] http - ::1 - - "GET /statistic/monthlyload?_=1527138625924 HTTP/1.1" 200 99 "http://localhost:8080/index" "Mozilla/5.0 (Windows NT 10.0; Win64; x64) AppleWebKit/537.36 (KHTML, like Gecko) Chrome/66.0.3359.181 Safari/537.36"
[2018-05-24 14:10:26.105] [INFO] http - ::1 - - "GET /statistic/cntload?_=1527138625923 HTTP/1.1" 200 154 "http://localhost:8080/index" "Mozilla/5.0 (Windows NT 10.0; Win64; x64) AppleWebKit/537.36 (KHTML, like Gecko) Chrome/66.0.3359.181 Safari/537.36"
[2018-05-24 14:10:26.186] [INFO] http - ::1 - - "GET /login/main_list?_=1527138625922 HTTP/1.1" 200 - "http://localhost:8080/index" "Mozilla/5.0 (Windows NT 10.0; Win64; x64) AppleWebKit/537.36 (KHTML, like Gecko) Chrome/66.0.3359.181 Safari/537.36"
[2018-05-24 14:10:26.798] [INFO] http - ::1 - - "GET /statistic/chartLoad?_=1527138625925 HTTP/1.1" 200 306 "http://localhost:8080/index" "Mozilla/5.0 (Windows NT 10.0; Win64; x64) AppleWebKit/537.36 (KHTML, like Gecko) Chrome/66.0.3359.181 Safari/537.36"
[2018-05-24 14:10:50.417] [WARN] http - ::1 - - "GET /search/user_list HTTP/1.1" 304 - "http://localhost:8080/index" "Mozilla/5.0 (Windows NT 10.0; Win64; x64) AppleWebKit/537.36 (KHTML, like Gecko) Chrome/66.0.3359.181 Safari/537.36"
[2018-05-24 14:10:50.434] [WARN] http - ::1 - - "GET /plugins/switchery/switchery.min.css HTTP/1.1" 304 - "http://localhost:8080/search/user_list" "Mozilla/5.0 (Windows NT 10.0; Win64; x64) AppleWebKit/537.36 (KHTML, like Gecko) Chrome/66.0.3359.181 Safari/537.36"
[2018-05-24 14:10:50.445] [WARN] http - ::1 - - "GET /plugins/jquery-circliful/css/jquery.circliful.css HTTP/1.1" 304 - "http://localhost:8080/search/user_list" "Mozilla/5.0 (Windows NT 10.0; Win64; x64) AppleWebKit/537.36 (KHTML, like Gecko) Chrome/66.0.3359.181 Safari/537.36"
[2018-05-24 14:10:50.445] [WARN] http - ::1 - - "GET /assets/css/bootstrap.min.css HTTP/1.1" 304 - "http://localhost:8080/search/user_list" "Mozilla/5.0 (Windows NT 10.0; Win64; x64) AppleWebKit/537.36 (KHTML, like Gecko) Chrome/66.0.3359.181 Safari/537.36"
[2018-05-24 14:10:50.445] [WARN] http - ::1 - - "GET /assets/css/core.css HTTP/1.1" 304 - "http://localhost:8080/search/user_list" "Mozilla/5.0 (Windows NT 10.0; Win64; x64) AppleWebKit/537.36 (KHTML, like Gecko) Chrome/66.0.3359.181 Safari/537.36"
[2018-05-24 14:10:50.445] [WARN] http - ::1 - - "GET /assets/css/icons.css HTTP/1.1" 304 - "http://localhost:8080/search/user_list" "Mozilla/5.0 (Windows NT 10.0; Win64; x64) AppleWebKit/537.36 (KHTML, like Gecko) Chrome/66.0.3359.181 Safari/537.36"
[2018-05-24 14:10:50.445] [WARN] http - ::1 - - "GET /assets/css/components.css HTTP/1.1" 304 - "http://localhost:8080/search/user_list" "Mozilla/5.0 (Windows NT 10.0; Win64; x64) AppleWebKit/537.36 (KHTML, like Gecko) Chrome/66.0.3359.181 Safari/537.36"
[2018-05-24 14:10:50.447] [WARN] http - ::1 - - "GET /assets/css/menu_light.css HTTP/1.1" 304 - "http://localhost:8080/search/user_list" "Mozilla/5.0 (Windows NT 10.0; Win64; x64) AppleWebKit/537.36 (KHTML, like Gecko) Chrome/66.0.3359.181 Safari/537.36"
[2018-05-24 14:10:50.451] [WARN] http - ::1 - - "GET /assets/css/responsive.css HTTP/1.1" 304 - "http://localhost:8080/search/user_list" "Mozilla/5.0 (Windows NT 10.0; Win64; x64) AppleWebKit/537.36 (KHTML, like Gecko) Chrome/66.0.3359.181 Safari/537.36"
[2018-05-24 14:10:50.451] [WARN] http - ::1 - - "GET /plugins/summernote/dist/summernote.css HTTP/1.1" 304 - "http://localhost:8080/search/user_list" "Mozilla/5.0 (Windows NT 10.0; Win64; x64) AppleWebKit/537.36 (KHTML, like Gecko) Chrome/66.0.3359.181 Safari/537.36"
[2018-05-24 14:10:50.453] [WARN] http - ::1 - - "GET /assets/css/pages.css HTTP/1.1" 304 - "http://localhost:8080/search/user_list" "Mozilla/5.0 (Windows NT 10.0; Win64; x64) AppleWebKit/537.36 (KHTML, like Gecko) Chrome/66.0.3359.181 Safari/537.36"
[2018-05-24 14:10:50.453] [WARN] http - ::1 - - "GET /vendor/fileupload/css/fileinput.css HTTP/1.1" 304 - "http://localhost:8080/search/user_list" "Mozilla/5.0 (Windows NT 10.0; Win64; x64) AppleWebKit/537.36 (KHTML, like Gecko) Chrome/66.0.3359.181 Safari/537.36"
[2018-05-24 14:10:50.453] [WARN] http - ::1 - - "GET /assets/js/modernizr.min.js HTTP/1.1" 304 - "http://localhost:8080/search/user_list" "Mozilla/5.0 (Windows NT 10.0; Win64; x64) AppleWebKit/537.36 (KHTML, like Gecko) Chrome/66.0.3359.181 Safari/537.36"
[2018-05-24 14:10:50.456] [WARN] http - ::1 - - "GET /assets/js/jquery.min.js HTTP/1.1" 304 - "http://localhost:8080/search/user_list" "Mozilla/5.0 (Windows NT 10.0; Win64; x64) AppleWebKit/537.36 (KHTML, like Gecko) Chrome/66.0.3359.181 Safari/537.36"
[2018-05-24 14:10:50.461] [WARN] http - ::1 - - "GET /assets/js/bootstrap.min.js HTTP/1.1" 304 - "http://localhost:8080/search/user_list" "Mozilla/5.0 (Windows NT 10.0; Win64; x64) AppleWebKit/537.36 (KHTML, like Gecko) Chrome/66.0.3359.181 Safari/537.36"
[2018-05-24 14:10:50.461] [WARN] http - ::1 - - "GET /assets/js/detect.js HTTP/1.1" 304 - "http://localhost:8080/search/user_list" "Mozilla/5.0 (Windows NT 10.0; Win64; x64) AppleWebKit/537.36 (KHTML, like Gecko) Chrome/66.0.3359.181 Safari/537.36"
[2018-05-24 14:10:50.462] [WARN] http - ::1 - - "GET /assets/js/fastclick.js HTTP/1.1" 304 - "http://localhost:8080/search/user_list" "Mozilla/5.0 (Windows NT 10.0; Win64; x64) AppleWebKit/537.36 (KHTML, like Gecko) Chrome/66.0.3359.181 Safari/537.36"
[2018-05-24 14:10:50.465] [WARN] http - ::1 - - "GET /assets/js/jquery.slimscroll.js HTTP/1.1" 304 - "http://localhost:8080/search/user_list" "Mozilla/5.0 (Windows NT 10.0; Win64; x64) AppleWebKit/537.36 (KHTML, like Gecko) Chrome/66.0.3359.181 Safari/537.36"
[2018-05-24 14:10:50.467] [WARN] http - ::1 - - "GET /assets/js/jquery.blockUI.js HTTP/1.1" 304 - "http://localhost:8080/search/user_list" "Mozilla/5.0 (Windows NT 10.0; Win64; x64) AppleWebKit/537.36 (KHTML, like Gecko) Chrome/66.0.3359.181 Safari/537.36"
[2018-05-24 14:10:50.474] [WARN] http - ::1 - - "GET /assets/js/waves.js HTTP/1.1" 304 - "http://localhost:8080/search/user_list" "Mozilla/5.0 (Windows NT 10.0; Win64; x64) AppleWebKit/537.36 (KHTML, like Gecko) Chrome/66.0.3359.181 Safari/537.36"
[2018-05-24 14:10:50.475] [WARN] http - ::1 - - "GET /assets/js/wow.min.js HTTP/1.1" 304 - "http://localhost:8080/search/user_list" "Mozilla/5.0 (Windows NT 10.0; Win64; x64) AppleWebKit/537.36 (KHTML, like Gecko) Chrome/66.0.3359.181 Safari/537.36"
[2018-05-24 14:10:50.475] [WARN] http - ::1 - - "GET /assets/js/jquery.nicescroll.js HTTP/1.1" 304 - "http://localhost:8080/search/user_list" "Mozilla/5.0 (Windows NT 10.0; Win64; x64) AppleWebKit/537.36 (KHTML, like Gecko) Chrome/66.0.3359.181 Safari/537.36"
[2018-05-24 14:10:50.475] [WARN] http - ::1 - - "GET /assets/js/jquery.scrollTo.min.js HTTP/1.1" 304 - "http://localhost:8080/search/user_list" "Mozilla/5.0 (Windows NT 10.0; Win64; x64) AppleWebKit/537.36 (KHTML, like Gecko) Chrome/66.0.3359.181 Safari/537.36"
[2018-05-24 14:10:50.476] [WARN] http - ::1 - - "GET /plugins/switchery/switchery.min.js HTTP/1.1" 304 - "http://localhost:8080/search/user_list" "Mozilla/5.0 (Windows NT 10.0; Win64; x64) AppleWebKit/537.36 (KHTML, like Gecko) Chrome/66.0.3359.181 Safari/537.36"
[2018-05-24 14:10:50.479] [WARN] http - ::1 - - "GET /plugins/bootstrap-tagsinput/dist/bootstrap-tagsinput.min.js HTTP/1.1" 304 - "http://localhost:8080/search/user_list" "Mozilla/5.0 (Windows NT 10.0; Win64; x64) AppleWebKit/537.36 (KHTML, like Gecko) Chrome/66.0.3359.181 Safari/537.36"
[2018-05-24 14:10:50.480] [WARN] http - ::1 - - "GET /plugins/multiselect/js/jquery.multi-select.js HTTP/1.1" 304 - "http://localhost:8080/search/user_list" "Mozilla/5.0 (Windows NT 10.0; Win64; x64) AppleWebKit/537.36 (KHTML, like Gecko) Chrome/66.0.3359.181 Safari/537.36"
[2018-05-24 14:10:50.481] [WARN] http - ::1 - - "GET /plugins/jquery-quicksearch/jquery.quicksearch.js HTTP/1.1" 304 - "http://localhost:8080/search/user_list" "Mozilla/5.0 (Windows NT 10.0; Win64; x64) AppleWebKit/537.36 (KHTML, like Gecko) Chrome/66.0.3359.181 Safari/537.36"
[2018-05-24 14:10:50.481] [WARN] http - ::1 - - "GET /plugins/select2/select2.min.js HTTP/1.1" 304 - "http://localhost:8080/search/user_list" "Mozilla/5.0 (Windows NT 10.0; Win64; x64) AppleWebKit/537.36 (KHTML, like Gecko) Chrome/66.0.3359.181 Safari/537.36"
[2018-05-24 14:10:50.481] [WARN] http - ::1 - - "GET /plugins/bootstrap-touchspin/dist/jquery.bootstrap-touchspin.min.js HTTP/1.1" 304 - "http://localhost:8080/search/user_list" "Mozilla/5.0 (Windows NT 10.0; Win64; x64) AppleWebKit/537.36 (KHTML, like Gecko) Chrome/66.0.3359.181 Safari/537.36"
[2018-05-24 14:10:50.486] [WARN] http - ::1 - - "GET /plugins/bootstrap-inputmask/bootstrap-inputmask.min.js HTTP/1.1" 304 - "http://localhost:8080/search/user_list" "Mozilla/5.0 (Windows NT 10.0; Win64; x64) AppleWebKit/537.36 (KHTML, like Gecko) Chrome/66.0.3359.181 Safari/537.36"
[2018-05-24 14:10:50.486] [WARN] http - ::1 - - "GET /plugins/moment/moment.js HTTP/1.1" 304 - "http://localhost:8080/search/user_list" "Mozilla/5.0 (Windows NT 10.0; Win64; x64) AppleWebKit/537.36 (KHTML, like Gecko) Chrome/66.0.3359.181 Safari/537.36"
[2018-05-24 14:10:50.488] [WARN] http - ::1 - - "GET /plugins/timepicker/bootstrap-timepicker.min.js HTTP/1.1" 304 - "http://localhost:8080/search/user_list" "Mozilla/5.0 (Windows NT 10.0; Win64; x64) AppleWebKit/537.36 (KHTML, like Gecko) Chrome/66.0.3359.181 Safari/537.36"
[2018-05-24 14:10:50.503] [WARN] http - ::1 - - "GET /plugins/mjolnic-bootstrap-colorpicker/dist/js/bootstrap-colorpicker.min.js HTTP/1.1" 304 - "http://localhost:8080/search/user_list" "Mozilla/5.0 (Windows NT 10.0; Win64; x64) AppleWebKit/537.36 (KHTML, like Gecko) Chrome/66.0.3359.181 Safari/537.36"
[2018-05-24 14:10:50.504] [WARN] http - ::1 - - "GET /plugins/bootstrap-daterangepicker/daterangepicker.js HTTP/1.1" 304 - "http://localhost:8080/search/user_list" "Mozilla/5.0 (Windows NT 10.0; Win64; x64) AppleWebKit/537.36 (KHTML, like Gecko) Chrome/66.0.3359.181 Safari/537.36"
[2018-05-24 14:10:50.504] [WARN] http - ::1 - - "GET /plugins/bootstrap-datepicker/dist/js/bootstrap-datepicker.min.js HTTP/1.1" 304 - "http://localhost:8080/search/user_list" "Mozilla/5.0 (Windows NT 10.0; Win64; x64) AppleWebKit/537.36 (KHTML, like Gecko) Chrome/66.0.3359.181 Safari/537.36"
[2018-05-24 14:10:50.563] [WARN] http - ::1 - - "GET /isu/js/incident/new.js HTTP/1.1" 304 - "http://localhost:8080/search/user_list" "Mozilla/5.0 (Windows NT 10.0; Win64; x64) AppleWebKit/537.36 (KHTML, like Gecko) Chrome/66.0.3359.181 Safari/537.36"
[2018-05-24 14:10:50.564] [WARN] http - ::1 - - "GET /plugins/summernote/dist/summernote.min.js HTTP/1.1" 304 - "http://localhost:8080/search/user_list" "Mozilla/5.0 (Windows NT 10.0; Win64; x64) AppleWebKit/537.36 (KHTML, like Gecko) Chrome/66.0.3359.181 Safari/537.36"
[2018-05-24 14:10:50.564] [WARN] http - ::1 - - "GET /vendor/fileupload/js/fileinput.js HTTP/1.1" 304 - "http://localhost:8080/search/user_list" "Mozilla/5.0 (Windows NT 10.0; Win64; x64) AppleWebKit/537.36 (KHTML, like Gecko) Chrome/66.0.3359.181 Safari/537.36"
[2018-05-24 14:10:50.564] [WARN] http - ::1 - - "GET /isu/js/search/user_list.js HTTP/1.1" 304 - "http://localhost:8080/search/user_list" "Mozilla/5.0 (Windows NT 10.0; Win64; x64) AppleWebKit/537.36 (KHTML, like Gecko) Chrome/66.0.3359.181 Safari/537.36"
[2018-05-24 14:10:50.577] [WARN] http - ::1 - - "GET /assets/js/jquery.core.js HTTP/1.1" 304 - "http://localhost:8080/search/user_list" "Mozilla/5.0 (Windows NT 10.0; Win64; x64) AppleWebKit/537.36 (KHTML, like Gecko) Chrome/66.0.3359.181 Safari/537.36"
[2018-05-24 14:10:50.581] [WARN] http - ::1 - - "GET /assets/js/jquery.app.js HTTP/1.1" 304 - "http://localhost:8080/search/user_list" "Mozilla/5.0 (Windows NT 10.0; Win64; x64) AppleWebKit/537.36 (KHTML, like Gecko) Chrome/66.0.3359.181 Safari/537.36"
[2018-05-24 14:10:50.585] [WARN] http - ::1 - - "GET /isu/images/ci_isu_white.png HTTP/1.1" 304 - "http://localhost:8080/search/user_list" "Mozilla/5.0 (Windows NT 10.0; Win64; x64) AppleWebKit/537.36 (KHTML, like Gecko) Chrome/66.0.3359.181 Safari/537.36"
[2018-05-24 14:10:50.733] [WARN] http - ::1 - - "GET /assets/fonts/Material-Design-Iconic-Font.woff?v=1.0.1 HTTP/1.1" 304 - "http://localhost:8080/assets/css/icons.css" "Mozilla/5.0 (Windows NT 10.0; Win64; x64) AppleWebKit/537.36 (KHTML, like Gecko) Chrome/66.0.3359.181 Safari/537.36"
[2018-05-24 14:10:50.737] [WARN] http - ::1 - - "GET /assets/fonts/ionicons.ttf?v=1.5.0 HTTP/1.1" 304 - "http://localhost:8080/assets/css/icons.css" "Mozilla/5.0 (Windows NT 10.0; Win64; x64) AppleWebKit/537.36 (KHTML, like Gecko) Chrome/66.0.3359.181 Safari/537.36"
[2018-05-24 14:10:51.322] [INFO] http - ::1 - - "GET /search/list?gbn=complete&page=1&perPage=15&searchType=title,content&higher_cd=*&lower_cd=*&reg_date_from=&reg_date_to=&searchText=&_=1527138650671 HTTP/1.1" 200 - "http://localhost:8080/search/user_list" "Mozilla/5.0 (Windows NT 10.0; Win64; x64) AppleWebKit/537.36 (KHTML, like Gecko) Chrome/66.0.3359.181 Safari/537.36"
[2018-05-24 14:11:30.119] [WARN] http - ::1 - - "GET /incident/reRegister/5af258126d2d461fa0844f0f HTTP/1.1" 304 - "http://localhost:8080/search/user_list" "Mozilla/5.0 (Windows NT 10.0; Win64; x64) AppleWebKit/537.36 (KHTML, like Gecko) Chrome/66.0.3359.181 Safari/537.36"
[2018-05-24 14:11:30.143] [WARN] http - ::1 - - "GET /plugins/switchery/switchery.min.css HTTP/1.1" 304 - "http://localhost:8080/incident/reRegister/5af258126d2d461fa0844f0f" "Mozilla/5.0 (Windows NT 10.0; Win64; x64) AppleWebKit/537.36 (KHTML, like Gecko) Chrome/66.0.3359.181 Safari/537.36"
[2018-05-24 14:11:30.144] [WARN] http - ::1 - - "GET /plugins/jquery-circliful/css/jquery.circliful.css HTTP/1.1" 304 - "http://localhost:8080/incident/reRegister/5af258126d2d461fa0844f0f" "Mozilla/5.0 (Windows NT 10.0; Win64; x64) AppleWebKit/537.36 (KHTML, like Gecko) Chrome/66.0.3359.181 Safari/537.36"
[2018-05-24 14:11:30.144] [WARN] http - ::1 - - "GET /assets/css/bootstrap.min.css HTTP/1.1" 304 - "http://localhost:8080/incident/reRegister/5af258126d2d461fa0844f0f" "Mozilla/5.0 (Windows NT 10.0; Win64; x64) AppleWebKit/537.36 (KHTML, like Gecko) Chrome/66.0.3359.181 Safari/537.36"
[2018-05-24 14:11:30.149] [WARN] http - ::1 - - "GET /assets/css/core.css HTTP/1.1" 304 - "http://localhost:8080/incident/reRegister/5af258126d2d461fa0844f0f" "Mozilla/5.0 (Windows NT 10.0; Win64; x64) AppleWebKit/537.36 (KHTML, like Gecko) Chrome/66.0.3359.181 Safari/537.36"
[2018-05-24 14:11:30.149] [WARN] http - ::1 - - "GET /assets/css/icons.css HTTP/1.1" 304 - "http://localhost:8080/incident/reRegister/5af258126d2d461fa0844f0f" "Mozilla/5.0 (Windows NT 10.0; Win64; x64) AppleWebKit/537.36 (KHTML, like Gecko) Chrome/66.0.3359.181 Safari/537.36"
[2018-05-24 14:11:30.153] [WARN] http - ::1 - - "GET /assets/css/components.css HTTP/1.1" 304 - "http://localhost:8080/incident/reRegister/5af258126d2d461fa0844f0f" "Mozilla/5.0 (Windows NT 10.0; Win64; x64) AppleWebKit/537.36 (KHTML, like Gecko) Chrome/66.0.3359.181 Safari/537.36"
[2018-05-24 14:11:30.155] [WARN] http - ::1 - - "GET /assets/css/menu_light.css HTTP/1.1" 304 - "http://localhost:8080/incident/reRegister/5af258126d2d461fa0844f0f" "Mozilla/5.0 (Windows NT 10.0; Win64; x64) AppleWebKit/537.36 (KHTML, like Gecko) Chrome/66.0.3359.181 Safari/537.36"
[2018-05-24 14:11:30.156] [WARN] http - ::1 - - "GET /assets/js/modernizr.min.js HTTP/1.1" 304 - "http://localhost:8080/incident/reRegister/5af258126d2d461fa0844f0f" "Mozilla/5.0 (Windows NT 10.0; Win64; x64) AppleWebKit/537.36 (KHTML, like Gecko) Chrome/66.0.3359.181 Safari/537.36"
[2018-05-24 14:11:30.156] [WARN] http - ::1 - - "GET /assets/css/responsive.css HTTP/1.1" 304 - "http://localhost:8080/incident/reRegister/5af258126d2d461fa0844f0f" "Mozilla/5.0 (Windows NT 10.0; Win64; x64) AppleWebKit/537.36 (KHTML, like Gecko) Chrome/66.0.3359.181 Safari/537.36"
[2018-05-24 14:11:30.156] [WARN] http - ::1 - - "GET /assets/js/jquery.min.js HTTP/1.1" 304 - "http://localhost:8080/incident/reRegister/5af258126d2d461fa0844f0f" "Mozilla/5.0 (Windows NT 10.0; Win64; x64) AppleWebKit/537.36 (KHTML, like Gecko) Chrome/66.0.3359.181 Safari/537.36"
[2018-05-24 14:11:30.157] [WARN] http - ::1 - - "GET /assets/js/bootstrap.min.js HTTP/1.1" 304 - "http://localhost:8080/incident/reRegister/5af258126d2d461fa0844f0f" "Mozilla/5.0 (Windows NT 10.0; Win64; x64) AppleWebKit/537.36 (KHTML, like Gecko) Chrome/66.0.3359.181 Safari/537.36"
[2018-05-24 14:11:30.159] [WARN] http - ::1 - - "GET /isu/js/incident/reRegister.js HTTP/1.1" 304 - "http://localhost:8080/incident/reRegister/5af258126d2d461fa0844f0f" "Mozilla/5.0 (Windows NT 10.0; Win64; x64) AppleWebKit/537.36 (KHTML, like Gecko) Chrome/66.0.3359.181 Safari/537.36"
[2018-05-24 14:11:30.161] [WARN] http - ::1 - - "GET /assets/js/jquery.core.js HTTP/1.1" 304 - "http://localhost:8080/incident/reRegister/5af258126d2d461fa0844f0f" "Mozilla/5.0 (Windows NT 10.0; Win64; x64) AppleWebKit/537.36 (KHTML, like Gecko) Chrome/66.0.3359.181 Safari/537.36"
[2018-05-24 14:11:30.164] [WARN] http - ::1 - - "GET /assets/js/jquery.app.js HTTP/1.1" 304 - "http://localhost:8080/incident/reRegister/5af258126d2d461fa0844f0f" "Mozilla/5.0 (Windows NT 10.0; Win64; x64) AppleWebKit/537.36 (KHTML, like Gecko) Chrome/66.0.3359.181 Safari/537.36"
[2018-05-24 14:11:30.168] [WARN] http - ::1 - - "GET /isu/images/ci_isu_white.png HTTP/1.1" 304 - "http://localhost:8080/incident/reRegister/5af258126d2d461fa0844f0f" "Mozilla/5.0 (Windows NT 10.0; Win64; x64) AppleWebKit/537.36 (KHTML, like Gecko) Chrome/66.0.3359.181 Safari/537.36"
[2018-05-24 14:11:30.227] [WARN] http - ::1 - - "GET /assets/fonts/Material-Design-Iconic-Font.woff?v=1.0.1 HTTP/1.1" 304 - "http://localhost:8080/assets/css/icons.css" "Mozilla/5.0 (Windows NT 10.0; Win64; x64) AppleWebKit/537.36 (KHTML, like Gecko) Chrome/66.0.3359.181 Safari/537.36"
[2018-05-24 14:11:30.228] [WARN] http - ::1 - - "GET /assets/fonts/fontawesome-webfont.woff2?v=4.7.0 HTTP/1.1" 304 - "http://localhost:8080/assets/css/icons.css" "Mozilla/5.0 (Windows NT 10.0; Win64; x64) AppleWebKit/537.36 (KHTML, like Gecko) Chrome/66.0.3359.181 Safari/537.36"
[2018-05-24 14:11:58.020] [WARN] http - ::1 - - "GET /incident/edit/5af258126d2d461fa0844f0f HTTP/1.1" 304 - "http://localhost:8080/incident/reRegister/5af258126d2d461fa0844f0f" "Mozilla/5.0 (Windows NT 10.0; Win64; x64) AppleWebKit/537.36 (KHTML, like Gecko) Chrome/66.0.3359.181 Safari/537.36"
[2018-05-24 14:11:58.058] [WARN] http - ::1 - - "GET /plugins/switchery/switchery.min.css HTTP/1.1" 304 - "http://localhost:8080/incident/edit/5af258126d2d461fa0844f0f" "Mozilla/5.0 (Windows NT 10.0; Win64; x64) AppleWebKit/537.36 (KHTML, like Gecko) Chrome/66.0.3359.181 Safari/537.36"
[2018-05-24 14:11:58.059] [WARN] http - ::1 - - "GET /plugins/jquery-circliful/css/jquery.circliful.css HTTP/1.1" 304 - "http://localhost:8080/incident/edit/5af258126d2d461fa0844f0f" "Mozilla/5.0 (Windows NT 10.0; Win64; x64) AppleWebKit/537.36 (KHTML, like Gecko) Chrome/66.0.3359.181 Safari/537.36"
[2018-05-24 14:11:58.059] [WARN] http - ::1 - - "GET /assets/css/bootstrap.min.css HTTP/1.1" 304 - "http://localhost:8080/incident/edit/5af258126d2d461fa0844f0f" "Mozilla/5.0 (Windows NT 10.0; Win64; x64) AppleWebKit/537.36 (KHTML, like Gecko) Chrome/66.0.3359.181 Safari/537.36"
[2018-05-24 14:11:58.059] [WARN] http - ::1 - - "GET /assets/css/core.css HTTP/1.1" 304 - "http://localhost:8080/incident/edit/5af258126d2d461fa0844f0f" "Mozilla/5.0 (Windows NT 10.0; Win64; x64) AppleWebKit/537.36 (KHTML, like Gecko) Chrome/66.0.3359.181 Safari/537.36"
[2018-05-24 14:11:58.067] [WARN] http - ::1 - - "GET /assets/css/icons.css HTTP/1.1" 304 - "http://localhost:8080/incident/edit/5af258126d2d461fa0844f0f" "Mozilla/5.0 (Windows NT 10.0; Win64; x64) AppleWebKit/537.36 (KHTML, like Gecko) Chrome/66.0.3359.181 Safari/537.36"
[2018-05-24 14:11:58.067] [WARN] http - ::1 - - "GET /assets/css/components.css HTTP/1.1" 304 - "http://localhost:8080/incident/edit/5af258126d2d461fa0844f0f" "Mozilla/5.0 (Windows NT 10.0; Win64; x64) AppleWebKit/537.36 (KHTML, like Gecko) Chrome/66.0.3359.181 Safari/537.36"
[2018-05-24 14:11:58.070] [WARN] http - ::1 - - "GET /assets/css/menu_light.css HTTP/1.1" 304 - "http://localhost:8080/incident/edit/5af258126d2d461fa0844f0f" "Mozilla/5.0 (Windows NT 10.0; Win64; x64) AppleWebKit/537.36 (KHTML, like Gecko) Chrome/66.0.3359.181 Safari/537.36"
[2018-05-24 14:11:58.070] [WARN] http - ::1 - - "GET /assets/css/responsive.css HTTP/1.1" 304 - "http://localhost:8080/incident/edit/5af258126d2d461fa0844f0f" "Mozilla/5.0 (Windows NT 10.0; Win64; x64) AppleWebKit/537.36 (KHTML, like Gecko) Chrome/66.0.3359.181 Safari/537.36"
[2018-05-24 14:11:58.074] [WARN] http - ::1 - - "GET /plugins/summernote/dist/summernote.css HTTP/1.1" 304 - "http://localhost:8080/incident/edit/5af258126d2d461fa0844f0f" "Mozilla/5.0 (Windows NT 10.0; Win64; x64) AppleWebKit/537.36 (KHTML, like Gecko) Chrome/66.0.3359.181 Safari/537.36"
[2018-05-24 14:11:58.074] [WARN] http - ::1 - - "GET /vendor/fileupload/css/fileinput.css HTTP/1.1" 304 - "http://localhost:8080/incident/edit/5af258126d2d461fa0844f0f" "Mozilla/5.0 (Windows NT 10.0; Win64; x64) AppleWebKit/537.36 (KHTML, like Gecko) Chrome/66.0.3359.181 Safari/537.36"
[2018-05-24 14:11:58.077] [WARN] http - ::1 - - "GET /assets/css/pages.css HTTP/1.1" 304 - "http://localhost:8080/incident/edit/5af258126d2d461fa0844f0f" "Mozilla/5.0 (Windows NT 10.0; Win64; x64) AppleWebKit/537.36 (KHTML, like Gecko) Chrome/66.0.3359.181 Safari/537.36"
[2018-05-24 14:11:58.078] [WARN] http - ::1 - - "GET /assets/js/modernizr.min.js HTTP/1.1" 304 - "http://localhost:8080/incident/edit/5af258126d2d461fa0844f0f" "Mozilla/5.0 (Windows NT 10.0; Win64; x64) AppleWebKit/537.36 (KHTML, like Gecko) Chrome/66.0.3359.181 Safari/537.36"
[2018-05-24 14:11:58.081] [WARN] http - ::1 - - "GET /assets/js/jquery.min.js HTTP/1.1" 304 - "http://localhost:8080/incident/edit/5af258126d2d461fa0844f0f" "Mozilla/5.0 (Windows NT 10.0; Win64; x64) AppleWebKit/537.36 (KHTML, like Gecko) Chrome/66.0.3359.181 Safari/537.36"
[2018-05-24 14:11:58.082] [WARN] http - ::1 - - "GET /assets/js/bootstrap.min.js HTTP/1.1" 304 - "http://localhost:8080/incident/edit/5af258126d2d461fa0844f0f" "Mozilla/5.0 (Windows NT 10.0; Win64; x64) AppleWebKit/537.36 (KHTML, like Gecko) Chrome/66.0.3359.181 Safari/537.36"
[2018-05-24 14:11:58.093] [WARN] http - ::1 - - "GET /plugins/summernote/dist/summernote.min.js HTTP/1.1" 304 - "http://localhost:8080/incident/edit/5af258126d2d461fa0844f0f" "Mozilla/5.0 (Windows NT 10.0; Win64; x64) AppleWebKit/537.36 (KHTML, like Gecko) Chrome/66.0.3359.181 Safari/537.36"
[2018-05-24 14:11:58.093] [WARN] http - ::1 - - "GET /vendor/fileupload/js/fileinput.js HTTP/1.1" 304 - "http://localhost:8080/incident/edit/5af258126d2d461fa0844f0f" "Mozilla/5.0 (Windows NT 10.0; Win64; x64) AppleWebKit/537.36 (KHTML, like Gecko) Chrome/66.0.3359.181 Safari/537.36"
[2018-05-24 14:11:58.096] [WARN] http - ::1 - - "GET /plugins/bootstrap-datepicker/dist/js/bootstrap-datepicker.min.js HTTP/1.1" 304 - "http://localhost:8080/incident/edit/5af258126d2d461fa0844f0f" "Mozilla/5.0 (Windows NT 10.0; Win64; x64) AppleWebKit/537.36 (KHTML, like Gecko) Chrome/66.0.3359.181 Safari/537.36"
[2018-05-24 14:11:58.096] [WARN] http - ::1 - - "GET /plugins/bootstrap-daterangepicker/daterangepicker.js HTTP/1.1" 304 - "http://localhost:8080/incident/edit/5af258126d2d461fa0844f0f" "Mozilla/5.0 (Windows NT 10.0; Win64; x64) AppleWebKit/537.36 (KHTML, like Gecko) Chrome/66.0.3359.181 Safari/537.36"
[2018-05-24 14:11:58.097] [WARN] http - ::1 - - "GET /isu/js/incident/edit.js HTTP/1.1" 304 - "http://localhost:8080/incident/edit/5af258126d2d461fa0844f0f" "Mozilla/5.0 (Windows NT 10.0; Win64; x64) AppleWebKit/537.36 (KHTML, like Gecko) Chrome/66.0.3359.181 Safari/537.36"
[2018-05-24 14:11:58.110] [WARN] http - ::1 - - "GET /assets/js/jquery.core.js HTTP/1.1" 304 - "http://localhost:8080/incident/edit/5af258126d2d461fa0844f0f" "Mozilla/5.0 (Windows NT 10.0; Win64; x64) AppleWebKit/537.36 (KHTML, like Gecko) Chrome/66.0.3359.181 Safari/537.36"
[2018-05-24 14:11:58.113] [WARN] http - ::1 - - "GET /assets/js/jquery.app.js HTTP/1.1" 304 - "http://localhost:8080/incident/edit/5af258126d2d461fa0844f0f" "Mozilla/5.0 (Windows NT 10.0; Win64; x64) AppleWebKit/537.36 (KHTML, like Gecko) Chrome/66.0.3359.181 Safari/537.36"
[2018-05-24 14:11:58.117] [WARN] http - ::1 - - "GET /isu/images/ci_isu_white.png HTTP/1.1" 304 - "http://localhost:8080/incident/edit/5af258126d2d461fa0844f0f" "Mozilla/5.0 (Windows NT 10.0; Win64; x64) AppleWebKit/537.36 (KHTML, like Gecko) Chrome/66.0.3359.181 Safari/537.36"
[2018-05-24 14:11:58.246] [WARN] http - ::1 - - "GET /assets/fonts/Material-Design-Iconic-Font.woff?v=1.0.1 HTTP/1.1" 304 - "http://localhost:8080/assets/css/icons.css" "Mozilla/5.0 (Windows NT 10.0; Win64; x64) AppleWebKit/537.36 (KHTML, like Gecko) Chrome/66.0.3359.181 Safari/537.36"
[2018-05-24 14:11:58.251] [WARN] http - ::1 - - "GET /assets/fonts/fontawesome-webfont.woff2?v=4.7.0 HTTP/1.1" 304 - "http://localhost:8080/assets/css/icons.css" "Mozilla/5.0 (Windows NT 10.0; Win64; x64) AppleWebKit/537.36 (KHTML, like Gecko) Chrome/66.0.3359.181 Safari/537.36"
[2018-05-24 14:11:58.256] [WARN] http - ::1 - - "GET /assets/fonts/ionicons.ttf?v=1.5.0 HTTP/1.1" 304 - "http://localhost:8080/assets/css/icons.css" "Mozilla/5.0 (Windows NT 10.0; Win64; x64) AppleWebKit/537.36 (KHTML, like Gecko) Chrome/66.0.3359.181 Safari/537.36"
[2018-05-24 14:11:58.315] [WARN] http - ::1 - - "GET /assets/fonts/glyphicons-halflings-regular.woff2 HTTP/1.1" 304 - "http://localhost:8080/assets/css/bootstrap.min.css" "Mozilla/5.0 (Windows NT 10.0; Win64; x64) AppleWebKit/537.36 (KHTML, like Gecko) Chrome/66.0.3359.181 Safari/537.36"
[2018-05-24 14:13:52.944] [WARN] http - ::1 - - "GET /search/user_list HTTP/1.1" 304 - "http://localhost:8080/incident/edit/5af258126d2d461fa0844f0f" "Mozilla/5.0 (Windows NT 10.0; Win64; x64) AppleWebKit/537.36 (KHTML, like Gecko) Chrome/66.0.3359.181 Safari/537.36"
[2018-05-24 14:13:52.963] [WARN] http - ::1 - - "GET /plugins/switchery/switchery.min.css HTTP/1.1" 304 - "http://localhost:8080/search/user_list" "Mozilla/5.0 (Windows NT 10.0; Win64; x64) AppleWebKit/537.36 (KHTML, like Gecko) Chrome/66.0.3359.181 Safari/537.36"
[2018-05-24 14:13:52.971] [WARN] http - ::1 - - "GET /plugins/jquery-circliful/css/jquery.circliful.css HTTP/1.1" 304 - "http://localhost:8080/search/user_list" "Mozilla/5.0 (Windows NT 10.0; Win64; x64) AppleWebKit/537.36 (KHTML, like Gecko) Chrome/66.0.3359.181 Safari/537.36"
[2018-05-24 14:13:52.972] [WARN] http - ::1 - - "GET /assets/css/bootstrap.min.css HTTP/1.1" 304 - "http://localhost:8080/search/user_list" "Mozilla/5.0 (Windows NT 10.0; Win64; x64) AppleWebKit/537.36 (KHTML, like Gecko) Chrome/66.0.3359.181 Safari/537.36"
[2018-05-24 14:13:52.986] [WARN] http - ::1 - - "GET /assets/css/components.css HTTP/1.1" 304 - "http://localhost:8080/search/user_list" "Mozilla/5.0 (Windows NT 10.0; Win64; x64) AppleWebKit/537.36 (KHTML, like Gecko) Chrome/66.0.3359.181 Safari/537.36"
[2018-05-24 14:13:52.987] [WARN] http - ::1 - - "GET /assets/css/core.css HTTP/1.1" 304 - "http://localhost:8080/search/user_list" "Mozilla/5.0 (Windows NT 10.0; Win64; x64) AppleWebKit/537.36 (KHTML, like Gecko) Chrome/66.0.3359.181 Safari/537.36"
[2018-05-24 14:13:52.987] [WARN] http - ::1 - - "GET /assets/css/icons.css HTTP/1.1" 304 - "http://localhost:8080/search/user_list" "Mozilla/5.0 (Windows NT 10.0; Win64; x64) AppleWebKit/537.36 (KHTML, like Gecko) Chrome/66.0.3359.181 Safari/537.36"
[2018-05-24 14:13:52.992] [WARN] http - ::1 - - "GET /assets/css/menu_light.css HTTP/1.1" 304 - "http://localhost:8080/search/user_list" "Mozilla/5.0 (Windows NT 10.0; Win64; x64) AppleWebKit/537.36 (KHTML, like Gecko) Chrome/66.0.3359.181 Safari/537.36"
[2018-05-24 14:13:52.993] [WARN] http - ::1 - - "GET /vendor/fileupload/css/fileinput.css HTTP/1.1" 304 - "http://localhost:8080/search/user_list" "Mozilla/5.0 (Windows NT 10.0; Win64; x64) AppleWebKit/537.36 (KHTML, like Gecko) Chrome/66.0.3359.181 Safari/537.36"
[2018-05-24 14:13:52.993] [WARN] http - ::1 - - "GET /plugins/summernote/dist/summernote.css HTTP/1.1" 304 - "http://localhost:8080/search/user_list" "Mozilla/5.0 (Windows NT 10.0; Win64; x64) AppleWebKit/537.36 (KHTML, like Gecko) Chrome/66.0.3359.181 Safari/537.36"
[2018-05-24 14:13:52.993] [WARN] http - ::1 - - "GET /assets/css/responsive.css HTTP/1.1" 304 - "http://localhost:8080/search/user_list" "Mozilla/5.0 (Windows NT 10.0; Win64; x64) AppleWebKit/537.36 (KHTML, like Gecko) Chrome/66.0.3359.181 Safari/537.36"
[2018-05-24 14:13:52.995] [WARN] http - ::1 - - "GET /assets/css/pages.css HTTP/1.1" 304 - "http://localhost:8080/search/user_list" "Mozilla/5.0 (Windows NT 10.0; Win64; x64) AppleWebKit/537.36 (KHTML, like Gecko) Chrome/66.0.3359.181 Safari/537.36"
[2018-05-24 14:13:52.995] [WARN] http - ::1 - - "GET /assets/js/modernizr.min.js HTTP/1.1" 304 - "http://localhost:8080/search/user_list" "Mozilla/5.0 (Windows NT 10.0; Win64; x64) AppleWebKit/537.36 (KHTML, like Gecko) Chrome/66.0.3359.181 Safari/537.36"
[2018-05-24 14:13:53.001] [WARN] http - ::1 - - "GET /assets/js/jquery.min.js HTTP/1.1" 304 - "http://localhost:8080/search/user_list" "Mozilla/5.0 (Windows NT 10.0; Win64; x64) AppleWebKit/537.36 (KHTML, like Gecko) Chrome/66.0.3359.181 Safari/537.36"
[2018-05-24 14:13:53.005] [WARN] http - ::1 - - "GET /assets/js/bootstrap.min.js HTTP/1.1" 304 - "http://localhost:8080/search/user_list" "Mozilla/5.0 (Windows NT 10.0; Win64; x64) AppleWebKit/537.36 (KHTML, like Gecko) Chrome/66.0.3359.181 Safari/537.36"
[2018-05-24 14:13:53.005] [WARN] http - ::1 - - "GET /assets/js/detect.js HTTP/1.1" 304 - "http://localhost:8080/search/user_list" "Mozilla/5.0 (Windows NT 10.0; Win64; x64) AppleWebKit/537.36 (KHTML, like Gecko) Chrome/66.0.3359.181 Safari/537.36"
[2018-05-24 14:13:53.008] [WARN] http - ::1 - - "GET /assets/js/fastclick.js HTTP/1.1" 304 - "http://localhost:8080/search/user_list" "Mozilla/5.0 (Windows NT 10.0; Win64; x64) AppleWebKit/537.36 (KHTML, like Gecko) Chrome/66.0.3359.181 Safari/537.36"
[2018-05-24 14:13:53.008] [WARN] http - ::1 - - "GET /assets/js/jquery.slimscroll.js HTTP/1.1" 304 - "http://localhost:8080/search/user_list" "Mozilla/5.0 (Windows NT 10.0; Win64; x64) AppleWebKit/537.36 (KHTML, like Gecko) Chrome/66.0.3359.181 Safari/537.36"
[2018-05-24 14:13:53.011] [WARN] http - ::1 - - "GET /assets/js/jquery.blockUI.js HTTP/1.1" 304 - "http://localhost:8080/search/user_list" "Mozilla/5.0 (Windows NT 10.0; Win64; x64) AppleWebKit/537.36 (KHTML, like Gecko) Chrome/66.0.3359.181 Safari/537.36"
[2018-05-24 14:13:53.011] [WARN] http - ::1 - - "GET /assets/js/waves.js HTTP/1.1" 304 - "http://localhost:8080/search/user_list" "Mozilla/5.0 (Windows NT 10.0; Win64; x64) AppleWebKit/537.36 (KHTML, like Gecko) Chrome/66.0.3359.181 Safari/537.36"
[2018-05-24 14:13:53.015] [WARN] http - ::1 - - "GET /assets/js/wow.min.js HTTP/1.1" 304 - "http://localhost:8080/search/user_list" "Mozilla/5.0 (Windows NT 10.0; Win64; x64) AppleWebKit/537.36 (KHTML, like Gecko) Chrome/66.0.3359.181 Safari/537.36"
[2018-05-24 14:13:53.015] [WARN] http - ::1 - - "GET /assets/js/jquery.nicescroll.js HTTP/1.1" 304 - "http://localhost:8080/search/user_list" "Mozilla/5.0 (Windows NT 10.0; Win64; x64) AppleWebKit/537.36 (KHTML, like Gecko) Chrome/66.0.3359.181 Safari/537.36"
[2018-05-24 14:13:53.021] [WARN] http - ::1 - - "GET /assets/js/jquery.scrollTo.min.js HTTP/1.1" 304 - "http://localhost:8080/search/user_list" "Mozilla/5.0 (Windows NT 10.0; Win64; x64) AppleWebKit/537.36 (KHTML, like Gecko) Chrome/66.0.3359.181 Safari/537.36"
[2018-05-24 14:13:53.021] [WARN] http - ::1 - - "GET /plugins/switchery/switchery.min.js HTTP/1.1" 304 - "http://localhost:8080/search/user_list" "Mozilla/5.0 (Windows NT 10.0; Win64; x64) AppleWebKit/537.36 (KHTML, like Gecko) Chrome/66.0.3359.181 Safari/537.36"
[2018-05-24 14:13:53.025] [WARN] http - ::1 - - "GET /plugins/bootstrap-tagsinput/dist/bootstrap-tagsinput.min.js HTTP/1.1" 304 - "http://localhost:8080/search/user_list" "Mozilla/5.0 (Windows NT 10.0; Win64; x64) AppleWebKit/537.36 (KHTML, like Gecko) Chrome/66.0.3359.181 Safari/537.36"
[2018-05-24 14:13:53.026] [WARN] http - ::1 - - "GET /plugins/multiselect/js/jquery.multi-select.js HTTP/1.1" 304 - "http://localhost:8080/search/user_list" "Mozilla/5.0 (Windows NT 10.0; Win64; x64) AppleWebKit/537.36 (KHTML, like Gecko) Chrome/66.0.3359.181 Safari/537.36"
[2018-05-24 14:13:53.032] [WARN] http - ::1 - - "GET /plugins/jquery-quicksearch/jquery.quicksearch.js HTTP/1.1" 304 - "http://localhost:8080/search/user_list" "Mozilla/5.0 (Windows NT 10.0; Win64; x64) AppleWebKit/537.36 (KHTML, like Gecko) Chrome/66.0.3359.181 Safari/537.36"
[2018-05-24 14:13:53.032] [WARN] http - ::1 - - "GET /plugins/select2/select2.min.js HTTP/1.1" 304 - "http://localhost:8080/search/user_list" "Mozilla/5.0 (Windows NT 10.0; Win64; x64) AppleWebKit/537.36 (KHTML, like Gecko) Chrome/66.0.3359.181 Safari/537.36"
[2018-05-24 14:13:53.040] [WARN] http - ::1 - - "GET /plugins/bootstrap-touchspin/dist/jquery.bootstrap-touchspin.min.js HTTP/1.1" 304 - "http://localhost:8080/search/user_list" "Mozilla/5.0 (Windows NT 10.0; Win64; x64) AppleWebKit/537.36 (KHTML, like Gecko) Chrome/66.0.3359.181 Safari/537.36"
[2018-05-24 14:13:53.040] [WARN] http - ::1 - - "GET /plugins/bootstrap-inputmask/bootstrap-inputmask.min.js HTTP/1.1" 304 - "http://localhost:8080/search/user_list" "Mozilla/5.0 (Windows NT 10.0; Win64; x64) AppleWebKit/537.36 (KHTML, like Gecko) Chrome/66.0.3359.181 Safari/537.36"
[2018-05-24 14:13:53.044] [WARN] http - ::1 - - "GET /plugins/moment/moment.js HTTP/1.1" 304 - "http://localhost:8080/search/user_list" "Mozilla/5.0 (Windows NT 10.0; Win64; x64) AppleWebKit/537.36 (KHTML, like Gecko) Chrome/66.0.3359.181 Safari/537.36"
[2018-05-24 14:13:53.044] [WARN] http - ::1 - - "GET /plugins/timepicker/bootstrap-timepicker.min.js HTTP/1.1" 304 - "http://localhost:8080/search/user_list" "Mozilla/5.0 (Windows NT 10.0; Win64; x64) AppleWebKit/537.36 (KHTML, like Gecko) Chrome/66.0.3359.181 Safari/537.36"
[2018-05-24 14:13:53.048] [WARN] http - ::1 - - "GET /plugins/mjolnic-bootstrap-colorpicker/dist/js/bootstrap-colorpicker.min.js HTTP/1.1" 304 - "http://localhost:8080/search/user_list" "Mozilla/5.0 (Windows NT 10.0; Win64; x64) AppleWebKit/537.36 (KHTML, like Gecko) Chrome/66.0.3359.181 Safari/537.36"
[2018-05-24 14:13:53.049] [WARN] http - ::1 - - "GET /plugins/bootstrap-datepicker/dist/js/bootstrap-datepicker.min.js HTTP/1.1" 304 - "http://localhost:8080/search/user_list" "Mozilla/5.0 (Windows NT 10.0; Win64; x64) AppleWebKit/537.36 (KHTML, like Gecko) Chrome/66.0.3359.181 Safari/537.36"
[2018-05-24 14:13:53.058] [WARN] http - ::1 - - "GET /plugins/bootstrap-daterangepicker/daterangepicker.js HTTP/1.1" 304 - "http://localhost:8080/search/user_list" "Mozilla/5.0 (Windows NT 10.0; Win64; x64) AppleWebKit/537.36 (KHTML, like Gecko) Chrome/66.0.3359.181 Safari/537.36"
[2018-05-24 14:13:53.058] [WARN] http - ::1 - - "GET /plugins/summernote/dist/summernote.min.js HTTP/1.1" 304 - "http://localhost:8080/search/user_list" "Mozilla/5.0 (Windows NT 10.0; Win64; x64) AppleWebKit/537.36 (KHTML, like Gecko) Chrome/66.0.3359.181 Safari/537.36"
[2018-05-24 14:13:53.061] [WARN] http - ::1 - - "GET /vendor/fileupload/js/fileinput.js HTTP/1.1" 304 - "http://localhost:8080/search/user_list" "Mozilla/5.0 (Windows NT 10.0; Win64; x64) AppleWebKit/537.36 (KHTML, like Gecko) Chrome/66.0.3359.181 Safari/537.36"
[2018-05-24 14:13:53.062] [WARN] http - ::1 - - "GET /isu/js/incident/new.js HTTP/1.1" 304 - "http://localhost:8080/search/user_list" "Mozilla/5.0 (Windows NT 10.0; Win64; x64) AppleWebKit/537.36 (KHTML, like Gecko) Chrome/66.0.3359.181 Safari/537.36"
[2018-05-24 14:13:53.063] [WARN] http - ::1 - - "GET /isu/js/search/user_list.js HTTP/1.1" 304 - "http://localhost:8080/search/user_list" "Mozilla/5.0 (Windows NT 10.0; Win64; x64) AppleWebKit/537.36 (KHTML, like Gecko) Chrome/66.0.3359.181 Safari/537.36"
[2018-05-24 14:13:53.068] [WARN] http - ::1 - - "GET /assets/js/jquery.core.js HTTP/1.1" 304 - "http://localhost:8080/search/user_list" "Mozilla/5.0 (Windows NT 10.0; Win64; x64) AppleWebKit/537.36 (KHTML, like Gecko) Chrome/66.0.3359.181 Safari/537.36"
[2018-05-24 14:13:53.073] [WARN] http - ::1 - - "GET /assets/js/jquery.app.js HTTP/1.1" 304 - "http://localhost:8080/search/user_list" "Mozilla/5.0 (Windows NT 10.0; Win64; x64) AppleWebKit/537.36 (KHTML, like Gecko) Chrome/66.0.3359.181 Safari/537.36"
[2018-05-24 14:13:53.076] [WARN] http - ::1 - - "GET /isu/images/ci_isu_white.png HTTP/1.1" 304 - "http://localhost:8080/search/user_list" "Mozilla/5.0 (Windows NT 10.0; Win64; x64) AppleWebKit/537.36 (KHTML, like Gecko) Chrome/66.0.3359.181 Safari/537.36"
[2018-05-24 14:13:53.228] [WARN] http - ::1 - - "GET /assets/fonts/Material-Design-Iconic-Font.woff?v=1.0.1 HTTP/1.1" 304 - "http://localhost:8080/assets/css/icons.css" "Mozilla/5.0 (Windows NT 10.0; Win64; x64) AppleWebKit/537.36 (KHTML, like Gecko) Chrome/66.0.3359.181 Safari/537.36"
[2018-05-24 14:13:53.230] [WARN] http - ::1 - - "GET /assets/fonts/ionicons.ttf?v=1.5.0 HTTP/1.1" 304 - "http://localhost:8080/assets/css/icons.css" "Mozilla/5.0 (Windows NT 10.0; Win64; x64) AppleWebKit/537.36 (KHTML, like Gecko) Chrome/66.0.3359.181 Safari/537.36"
[2018-05-24 14:13:53.794] [INFO] http - ::1 - - "GET /search/list?gbn=complete&page=1&perPage=15&searchType=title,content&higher_cd=*&lower_cd=*&reg_date_from=&reg_date_to=&searchText=&_=1527138833179 HTTP/1.1" 200 - "http://localhost:8080/search/user_list" "Mozilla/5.0 (Windows NT 10.0; Win64; x64) AppleWebKit/537.36 (KHTML, like Gecko) Chrome/66.0.3359.181 Safari/537.36"
[2018-05-24 14:23:27.989] [WARN] http - ::1 - - "GET /incident/reRegister/5ae6683b89b04c0c747c382f HTTP/1.1" 304 - "http://localhost:8080/search/user_list" "Mozilla/5.0 (Windows NT 10.0; Win64; x64) AppleWebKit/537.36 (KHTML, like Gecko) Chrome/66.0.3359.181 Safari/537.36"
[2018-05-24 14:23:28.008] [WARN] http - ::1 - - "GET /plugins/switchery/switchery.min.css HTTP/1.1" 304 - "http://localhost:8080/incident/reRegister/5ae6683b89b04c0c747c382f" "Mozilla/5.0 (Windows NT 10.0; Win64; x64) AppleWebKit/537.36 (KHTML, like Gecko) Chrome/66.0.3359.181 Safari/537.36"
[2018-05-24 14:23:28.014] [WARN] http - ::1 - - "GET /plugins/jquery-circliful/css/jquery.circliful.css HTTP/1.1" 304 - "http://localhost:8080/incident/reRegister/5ae6683b89b04c0c747c382f" "Mozilla/5.0 (Windows NT 10.0; Win64; x64) AppleWebKit/537.36 (KHTML, like Gecko) Chrome/66.0.3359.181 Safari/537.36"
[2018-05-24 14:23:28.014] [WARN] http - ::1 - - "GET /assets/css/bootstrap.min.css HTTP/1.1" 304 - "http://localhost:8080/incident/reRegister/5ae6683b89b04c0c747c382f" "Mozilla/5.0 (Windows NT 10.0; Win64; x64) AppleWebKit/537.36 (KHTML, like Gecko) Chrome/66.0.3359.181 Safari/537.36"
[2018-05-24 14:23:28.014] [WARN] http - ::1 - - "GET /assets/css/core.css HTTP/1.1" 304 - "http://localhost:8080/incident/reRegister/5ae6683b89b04c0c747c382f" "Mozilla/5.0 (Windows NT 10.0; Win64; x64) AppleWebKit/537.36 (KHTML, like Gecko) Chrome/66.0.3359.181 Safari/537.36"
[2018-05-24 14:23:28.016] [WARN] http - ::1 - - "GET /assets/css/components.css HTTP/1.1" 304 - "http://localhost:8080/incident/reRegister/5ae6683b89b04c0c747c382f" "Mozilla/5.0 (Windows NT 10.0; Win64; x64) AppleWebKit/537.36 (KHTML, like Gecko) Chrome/66.0.3359.181 Safari/537.36"
[2018-05-24 14:23:28.017] [WARN] http - ::1 - - "GET /assets/css/icons.css HTTP/1.1" 304 - "http://localhost:8080/incident/reRegister/5ae6683b89b04c0c747c382f" "Mozilla/5.0 (Windows NT 10.0; Win64; x64) AppleWebKit/537.36 (KHTML, like Gecko) Chrome/66.0.3359.181 Safari/537.36"
[2018-05-24 14:23:28.017] [WARN] http - ::1 - - "GET /assets/css/menu_light.css HTTP/1.1" 304 - "http://localhost:8080/incident/reRegister/5ae6683b89b04c0c747c382f" "Mozilla/5.0 (Windows NT 10.0; Win64; x64) AppleWebKit/537.36 (KHTML, like Gecko) Chrome/66.0.3359.181 Safari/537.36"
[2018-05-24 14:23:28.019] [WARN] http - ::1 - - "GET /assets/css/responsive.css HTTP/1.1" 304 - "http://localhost:8080/incident/reRegister/5ae6683b89b04c0c747c382f" "Mozilla/5.0 (Windows NT 10.0; Win64; x64) AppleWebKit/537.36 (KHTML, like Gecko) Chrome/66.0.3359.181 Safari/537.36"
[2018-05-24 14:23:28.022] [WARN] http - ::1 - - "GET /assets/js/modernizr.min.js HTTP/1.1" 304 - "http://localhost:8080/incident/reRegister/5ae6683b89b04c0c747c382f" "Mozilla/5.0 (Windows NT 10.0; Win64; x64) AppleWebKit/537.36 (KHTML, like Gecko) Chrome/66.0.3359.181 Safari/537.36"
[2018-05-24 14:23:28.022] [WARN] http - ::1 - - "GET /assets/js/jquery.min.js HTTP/1.1" 304 - "http://localhost:8080/incident/reRegister/5ae6683b89b04c0c747c382f" "Mozilla/5.0 (Windows NT 10.0; Win64; x64) AppleWebKit/537.36 (KHTML, like Gecko) Chrome/66.0.3359.181 Safari/537.36"
[2018-05-24 14:23:28.022] [WARN] http - ::1 - - "GET /assets/js/bootstrap.min.js HTTP/1.1" 304 - "http://localhost:8080/incident/reRegister/5ae6683b89b04c0c747c382f" "Mozilla/5.0 (Windows NT 10.0; Win64; x64) AppleWebKit/537.36 (KHTML, like Gecko) Chrome/66.0.3359.181 Safari/537.36"
[2018-05-24 14:23:28.024] [WARN] http - ::1 - - "GET /isu/js/incident/reRegister.js HTTP/1.1" 304 - "http://localhost:8080/incident/reRegister/5ae6683b89b04c0c747c382f" "Mozilla/5.0 (Windows NT 10.0; Win64; x64) AppleWebKit/537.36 (KHTML, like Gecko) Chrome/66.0.3359.181 Safari/537.36"
[2018-05-24 14:23:28.027] [WARN] http - ::1 - - "GET /assets/js/jquery.core.js HTTP/1.1" 304 - "http://localhost:8080/incident/reRegister/5ae6683b89b04c0c747c382f" "Mozilla/5.0 (Windows NT 10.0; Win64; x64) AppleWebKit/537.36 (KHTML, like Gecko) Chrome/66.0.3359.181 Safari/537.36"
[2018-05-24 14:23:28.031] [WARN] http - ::1 - - "GET /assets/js/jquery.app.js HTTP/1.1" 304 - "http://localhost:8080/incident/reRegister/5ae6683b89b04c0c747c382f" "Mozilla/5.0 (Windows NT 10.0; Win64; x64) AppleWebKit/537.36 (KHTML, like Gecko) Chrome/66.0.3359.181 Safari/537.36"
[2018-05-24 14:23:28.036] [WARN] http - ::1 - - "GET /isu/images/ci_isu_white.png HTTP/1.1" 304 - "http://localhost:8080/incident/reRegister/5ae6683b89b04c0c747c382f" "Mozilla/5.0 (Windows NT 10.0; Win64; x64) AppleWebKit/537.36 (KHTML, like Gecko) Chrome/66.0.3359.181 Safari/537.36"
[2018-05-24 14:23:28.103] [WARN] http - ::1 - - "GET /assets/fonts/Material-Design-Iconic-Font.woff?v=1.0.1 HTTP/1.1" 304 - "http://localhost:8080/assets/css/icons.css" "Mozilla/5.0 (Windows NT 10.0; Win64; x64) AppleWebKit/537.36 (KHTML, like Gecko) Chrome/66.0.3359.181 Safari/537.36"
[2018-05-24 14:23:28.106] [WARN] http - ::1 - - "GET /assets/fonts/fontawesome-webfont.woff2?v=4.7.0 HTTP/1.1" 304 - "http://localhost:8080/assets/css/icons.css" "Mozilla/5.0 (Windows NT 10.0; Win64; x64) AppleWebKit/537.36 (KHTML, like Gecko) Chrome/66.0.3359.181 Safari/537.36"
[2018-05-24 14:23:32.047] [WARN] http - ::1 - - "GET /search/user_list HTTP/1.1" 304 - "http://localhost:8080/incident/reRegister/5ae6683b89b04c0c747c382f" "Mozilla/5.0 (Windows NT 10.0; Win64; x64) AppleWebKit/537.36 (KHTML, like Gecko) Chrome/66.0.3359.181 Safari/537.36"
[2018-05-24 14:23:32.065] [WARN] http - ::1 - - "GET /plugins/switchery/switchery.min.css HTTP/1.1" 304 - "http://localhost:8080/search/user_list" "Mozilla/5.0 (Windows NT 10.0; Win64; x64) AppleWebKit/537.36 (KHTML, like Gecko) Chrome/66.0.3359.181 Safari/537.36"
[2018-05-24 14:23:32.065] [WARN] http - ::1 - - "GET /plugins/jquery-circliful/css/jquery.circliful.css HTTP/1.1" 304 - "http://localhost:8080/search/user_list" "Mozilla/5.0 (Windows NT 10.0; Win64; x64) AppleWebKit/537.36 (KHTML, like Gecko) Chrome/66.0.3359.181 Safari/537.36"
[2018-05-24 14:23:32.067] [WARN] http - ::1 - - "GET /assets/css/bootstrap.min.css HTTP/1.1" 304 - "http://localhost:8080/search/user_list" "Mozilla/5.0 (Windows NT 10.0; Win64; x64) AppleWebKit/537.36 (KHTML, like Gecko) Chrome/66.0.3359.181 Safari/537.36"
[2018-05-24 14:23:32.068] [WARN] http - ::1 - - "GET /assets/css/core.css HTTP/1.1" 304 - "http://localhost:8080/search/user_list" "Mozilla/5.0 (Windows NT 10.0; Win64; x64) AppleWebKit/537.36 (KHTML, like Gecko) Chrome/66.0.3359.181 Safari/537.36"
[2018-05-24 14:23:32.068] [WARN] http - ::1 - - "GET /assets/css/icons.css HTTP/1.1" 304 - "http://localhost:8080/search/user_list" "Mozilla/5.0 (Windows NT 10.0; Win64; x64) AppleWebKit/537.36 (KHTML, like Gecko) Chrome/66.0.3359.181 Safari/537.36"
[2018-05-24 14:23:32.068] [WARN] http - ::1 - - "GET /assets/css/components.css HTTP/1.1" 304 - "http://localhost:8080/search/user_list" "Mozilla/5.0 (Windows NT 10.0; Win64; x64) AppleWebKit/537.36 (KHTML, like Gecko) Chrome/66.0.3359.181 Safari/537.36"
[2018-05-24 14:23:32.072] [WARN] http - ::1 - - "GET /assets/css/responsive.css HTTP/1.1" 304 - "http://localhost:8080/search/user_list" "Mozilla/5.0 (Windows NT 10.0; Win64; x64) AppleWebKit/537.36 (KHTML, like Gecko) Chrome/66.0.3359.181 Safari/537.36"
[2018-05-24 14:23:32.072] [WARN] http - ::1 - - "GET /assets/css/menu_light.css HTTP/1.1" 304 - "http://localhost:8080/search/user_list" "Mozilla/5.0 (Windows NT 10.0; Win64; x64) AppleWebKit/537.36 (KHTML, like Gecko) Chrome/66.0.3359.181 Safari/537.36"
[2018-05-24 14:23:32.089] [WARN] http - ::1 - - "GET /plugins/summernote/dist/summernote.css HTTP/1.1" 304 - "http://localhost:8080/search/user_list" "Mozilla/5.0 (Windows NT 10.0; Win64; x64) AppleWebKit/537.36 (KHTML, like Gecko) Chrome/66.0.3359.181 Safari/537.36"
[2018-05-24 14:23:32.091] [WARN] http - ::1 - - "GET /assets/css/pages.css HTTP/1.1" 304 - "http://localhost:8080/search/user_list" "Mozilla/5.0 (Windows NT 10.0; Win64; x64) AppleWebKit/537.36 (KHTML, like Gecko) Chrome/66.0.3359.181 Safari/537.36"
[2018-05-24 14:23:32.091] [WARN] http - ::1 - - "GET /assets/js/modernizr.min.js HTTP/1.1" 304 - "http://localhost:8080/search/user_list" "Mozilla/5.0 (Windows NT 10.0; Win64; x64) AppleWebKit/537.36 (KHTML, like Gecko) Chrome/66.0.3359.181 Safari/537.36"
[2018-05-24 14:23:32.094] [WARN] http - ::1 - - "GET /vendor/fileupload/css/fileinput.css HTTP/1.1" 304 - "http://localhost:8080/search/user_list" "Mozilla/5.0 (Windows NT 10.0; Win64; x64) AppleWebKit/537.36 (KHTML, like Gecko) Chrome/66.0.3359.181 Safari/537.36"
[2018-05-24 14:23:32.098] [WARN] http - ::1 - - "GET /assets/js/jquery.min.js HTTP/1.1" 304 - "http://localhost:8080/search/user_list" "Mozilla/5.0 (Windows NT 10.0; Win64; x64) AppleWebKit/537.36 (KHTML, like Gecko) Chrome/66.0.3359.181 Safari/537.36"
[2018-05-24 14:23:32.100] [WARN] http - ::1 - - "GET /assets/js/bootstrap.min.js HTTP/1.1" 304 - "http://localhost:8080/search/user_list" "Mozilla/5.0 (Windows NT 10.0; Win64; x64) AppleWebKit/537.36 (KHTML, like Gecko) Chrome/66.0.3359.181 Safari/537.36"
[2018-05-24 14:23:32.105] [WARN] http - ::1 - - "GET /assets/js/detect.js HTTP/1.1" 304 - "http://localhost:8080/search/user_list" "Mozilla/5.0 (Windows NT 10.0; Win64; x64) AppleWebKit/537.36 (KHTML, like Gecko) Chrome/66.0.3359.181 Safari/537.36"
[2018-05-24 14:23:32.105] [WARN] http - ::1 - - "GET /assets/js/fastclick.js HTTP/1.1" 304 - "http://localhost:8080/search/user_list" "Mozilla/5.0 (Windows NT 10.0; Win64; x64) AppleWebKit/537.36 (KHTML, like Gecko) Chrome/66.0.3359.181 Safari/537.36"
[2018-05-24 14:23:32.111] [WARN] http - ::1 - - "GET /assets/js/jquery.slimscroll.js HTTP/1.1" 304 - "http://localhost:8080/search/user_list" "Mozilla/5.0 (Windows NT 10.0; Win64; x64) AppleWebKit/537.36 (KHTML, like Gecko) Chrome/66.0.3359.181 Safari/537.36"
[2018-05-24 14:23:32.111] [WARN] http - ::1 - - "GET /assets/js/jquery.blockUI.js HTTP/1.1" 304 - "http://localhost:8080/search/user_list" "Mozilla/5.0 (Windows NT 10.0; Win64; x64) AppleWebKit/537.36 (KHTML, like Gecko) Chrome/66.0.3359.181 Safari/537.36"
[2018-05-24 14:23:32.111] [WARN] http - ::1 - - "GET /assets/js/waves.js HTTP/1.1" 304 - "http://localhost:8080/search/user_list" "Mozilla/5.0 (Windows NT 10.0; Win64; x64) AppleWebKit/537.36 (KHTML, like Gecko) Chrome/66.0.3359.181 Safari/537.36"
[2018-05-24 14:23:32.113] [WARN] http - ::1 - - "GET /assets/js/wow.min.js HTTP/1.1" 304 - "http://localhost:8080/search/user_list" "Mozilla/5.0 (Windows NT 10.0; Win64; x64) AppleWebKit/537.36 (KHTML, like Gecko) Chrome/66.0.3359.181 Safari/537.36"
[2018-05-24 14:23:32.114] [WARN] http - ::1 - - "GET /assets/js/jquery.nicescroll.js HTTP/1.1" 304 - "http://localhost:8080/search/user_list" "Mozilla/5.0 (Windows NT 10.0; Win64; x64) AppleWebKit/537.36 (KHTML, like Gecko) Chrome/66.0.3359.181 Safari/537.36"
[2018-05-24 14:23:32.117] [WARN] http - ::1 - - "GET /assets/js/jquery.scrollTo.min.js HTTP/1.1" 304 - "http://localhost:8080/search/user_list" "Mozilla/5.0 (Windows NT 10.0; Win64; x64) AppleWebKit/537.36 (KHTML, like Gecko) Chrome/66.0.3359.181 Safari/537.36"
[2018-05-24 14:23:32.121] [WARN] http - ::1 - - "GET /plugins/switchery/switchery.min.js HTTP/1.1" 304 - "http://localhost:8080/search/user_list" "Mozilla/5.0 (Windows NT 10.0; Win64; x64) AppleWebKit/537.36 (KHTML, like Gecko) Chrome/66.0.3359.181 Safari/537.36"
[2018-05-24 14:23:32.121] [WARN] http - ::1 - - "GET /plugins/bootstrap-tagsinput/dist/bootstrap-tagsinput.min.js HTTP/1.1" 304 - "http://localhost:8080/search/user_list" "Mozilla/5.0 (Windows NT 10.0; Win64; x64) AppleWebKit/537.36 (KHTML, like Gecko) Chrome/66.0.3359.181 Safari/537.36"
[2018-05-24 14:23:32.121] [WARN] http - ::1 - - "GET /plugins/multiselect/js/jquery.multi-select.js HTTP/1.1" 304 - "http://localhost:8080/search/user_list" "Mozilla/5.0 (Windows NT 10.0; Win64; x64) AppleWebKit/537.36 (KHTML, like Gecko) Chrome/66.0.3359.181 Safari/537.36"
[2018-05-24 14:23:32.129] [WARN] http - ::1 - - "GET /plugins/jquery-quicksearch/jquery.quicksearch.js HTTP/1.1" 304 - "http://localhost:8080/search/user_list" "Mozilla/5.0 (Windows NT 10.0; Win64; x64) AppleWebKit/537.36 (KHTML, like Gecko) Chrome/66.0.3359.181 Safari/537.36"
[2018-05-24 14:23:32.130] [WARN] http - ::1 - - "GET /plugins/select2/select2.min.js HTTP/1.1" 304 - "http://localhost:8080/search/user_list" "Mozilla/5.0 (Windows NT 10.0; Win64; x64) AppleWebKit/537.36 (KHTML, like Gecko) Chrome/66.0.3359.181 Safari/537.36"
[2018-05-24 14:23:32.131] [WARN] http - ::1 - - "GET /plugins/bootstrap-touchspin/dist/jquery.bootstrap-touchspin.min.js HTTP/1.1" 304 - "http://localhost:8080/search/user_list" "Mozilla/5.0 (Windows NT 10.0; Win64; x64) AppleWebKit/537.36 (KHTML, like Gecko) Chrome/66.0.3359.181 Safari/537.36"
[2018-05-24 14:23:32.137] [WARN] http - ::1 - - "GET /plugins/bootstrap-inputmask/bootstrap-inputmask.min.js HTTP/1.1" 304 - "http://localhost:8080/search/user_list" "Mozilla/5.0 (Windows NT 10.0; Win64; x64) AppleWebKit/537.36 (KHTML, like Gecko) Chrome/66.0.3359.181 Safari/537.36"
[2018-05-24 14:23:32.138] [WARN] http - ::1 - - "GET /plugins/moment/moment.js HTTP/1.1" 304 - "http://localhost:8080/search/user_list" "Mozilla/5.0 (Windows NT 10.0; Win64; x64) AppleWebKit/537.36 (KHTML, like Gecko) Chrome/66.0.3359.181 Safari/537.36"
[2018-05-24 14:23:32.138] [WARN] http - ::1 - - "GET /plugins/timepicker/bootstrap-timepicker.min.js HTTP/1.1" 304 - "http://localhost:8080/search/user_list" "Mozilla/5.0 (Windows NT 10.0; Win64; x64) AppleWebKit/537.36 (KHTML, like Gecko) Chrome/66.0.3359.181 Safari/537.36"
[2018-05-24 14:23:32.140] [WARN] http - ::1 - - "GET /plugins/mjolnic-bootstrap-colorpicker/dist/js/bootstrap-colorpicker.min.js HTTP/1.1" 304 - "http://localhost:8080/search/user_list" "Mozilla/5.0 (Windows NT 10.0; Win64; x64) AppleWebKit/537.36 (KHTML, like Gecko) Chrome/66.0.3359.181 Safari/537.36"
[2018-05-24 14:23:32.145] [WARN] http - ::1 - - "GET /plugins/bootstrap-datepicker/dist/js/bootstrap-datepicker.min.js HTTP/1.1" 304 - "http://localhost:8080/search/user_list" "Mozilla/5.0 (Windows NT 10.0; Win64; x64) AppleWebKit/537.36 (KHTML, like Gecko) Chrome/66.0.3359.181 Safari/537.36"
[2018-05-24 14:23:32.147] [WARN] http - ::1 - - "GET /plugins/bootstrap-daterangepicker/daterangepicker.js HTTP/1.1" 304 - "http://localhost:8080/search/user_list" "Mozilla/5.0 (Windows NT 10.0; Win64; x64) AppleWebKit/537.36 (KHTML, like Gecko) Chrome/66.0.3359.181 Safari/537.36"
[2018-05-24 14:23:32.154] [WARN] http - ::1 - - "GET /plugins/summernote/dist/summernote.min.js HTTP/1.1" 304 - "http://localhost:8080/search/user_list" "Mozilla/5.0 (Windows NT 10.0; Win64; x64) AppleWebKit/537.36 (KHTML, like Gecko) Chrome/66.0.3359.181 Safari/537.36"
[2018-05-24 14:23:32.154] [WARN] http - ::1 - - "GET /vendor/fileupload/js/fileinput.js HTTP/1.1" 304 - "http://localhost:8080/search/user_list" "Mozilla/5.0 (Windows NT 10.0; Win64; x64) AppleWebKit/537.36 (KHTML, like Gecko) Chrome/66.0.3359.181 Safari/537.36"
[2018-05-24 14:23:32.154] [WARN] http - ::1 - - "GET /isu/js/incident/new.js HTTP/1.1" 304 - "http://localhost:8080/search/user_list" "Mozilla/5.0 (Windows NT 10.0; Win64; x64) AppleWebKit/537.36 (KHTML, like Gecko) Chrome/66.0.3359.181 Safari/537.36"
[2018-05-24 14:23:32.155] [WARN] http - ::1 - - "GET /isu/js/search/user_list.js HTTP/1.1" 304 - "http://localhost:8080/search/user_list" "Mozilla/5.0 (Windows NT 10.0; Win64; x64) AppleWebKit/537.36 (KHTML, like Gecko) Chrome/66.0.3359.181 Safari/537.36"
[2018-05-24 14:23:32.166] [WARN] http - ::1 - - "GET /assets/js/jquery.core.js HTTP/1.1" 304 - "http://localhost:8080/search/user_list" "Mozilla/5.0 (Windows NT 10.0; Win64; x64) AppleWebKit/537.36 (KHTML, like Gecko) Chrome/66.0.3359.181 Safari/537.36"
[2018-05-24 14:23:32.170] [WARN] http - ::1 - - "GET /assets/js/jquery.app.js HTTP/1.1" 304 - "http://localhost:8080/search/user_list" "Mozilla/5.0 (Windows NT 10.0; Win64; x64) AppleWebKit/537.36 (KHTML, like Gecko) Chrome/66.0.3359.181 Safari/537.36"
[2018-05-24 14:23:32.173] [WARN] http - ::1 - - "GET /isu/images/ci_isu_white.png HTTP/1.1" 304 - "http://localhost:8080/search/user_list" "Mozilla/5.0 (Windows NT 10.0; Win64; x64) AppleWebKit/537.36 (KHTML, like Gecko) Chrome/66.0.3359.181 Safari/537.36"
[2018-05-24 14:23:32.299] [WARN] http - ::1 - - "GET /assets/fonts/Material-Design-Iconic-Font.woff?v=1.0.1 HTTP/1.1" 304 - "http://localhost:8080/assets/css/icons.css" "Mozilla/5.0 (Windows NT 10.0; Win64; x64) AppleWebKit/537.36 (KHTML, like Gecko) Chrome/66.0.3359.181 Safari/537.36"
[2018-05-24 14:23:32.302] [WARN] http - ::1 - - "GET /assets/fonts/ionicons.ttf?v=1.5.0 HTTP/1.1" 304 - "http://localhost:8080/assets/css/icons.css" "Mozilla/5.0 (Windows NT 10.0; Win64; x64) AppleWebKit/537.36 (KHTML, like Gecko) Chrome/66.0.3359.181 Safari/537.36"
[2018-05-24 14:23:33.263] [INFO] http - ::1 - - "GET /search/list?gbn=complete&page=1&perPage=15&searchType=title,content&higher_cd=*&lower_cd=*&reg_date_from=&reg_date_to=&searchText=&_=1527139412269 HTTP/1.1" 200 - "http://localhost:8080/search/user_list" "Mozilla/5.0 (Windows NT 10.0; Win64; x64) AppleWebKit/537.36 (KHTML, like Gecko) Chrome/66.0.3359.181 Safari/537.36"
[2018-05-24 14:23:34.758] [WARN] http - ::1 - - "GET /incident/reRegister/5a5c8adf03d30eb01513d441 HTTP/1.1" 304 - "http://localhost:8080/search/user_list" "Mozilla/5.0 (Windows NT 10.0; Win64; x64) AppleWebKit/537.36 (KHTML, like Gecko) Chrome/66.0.3359.181 Safari/537.36"
[2018-05-24 14:23:34.819] [WARN] http - ::1 - - "GET /plugins/jquery-circliful/css/jquery.circliful.css HTTP/1.1" 304 - "http://localhost:8080/incident/reRegister/5a5c8adf03d30eb01513d441" "Mozilla/5.0 (Windows NT 10.0; Win64; x64) AppleWebKit/537.36 (KHTML, like Gecko) Chrome/66.0.3359.181 Safari/537.36"
[2018-05-24 14:23:34.821] [WARN] http - ::1 - - "GET /plugins/switchery/switchery.min.css HTTP/1.1" 304 - "http://localhost:8080/incident/reRegister/5a5c8adf03d30eb01513d441" "Mozilla/5.0 (Windows NT 10.0; Win64; x64) AppleWebKit/537.36 (KHTML, like Gecko) Chrome/66.0.3359.181 Safari/537.36"
[2018-05-24 14:23:34.822] [WARN] http - ::1 - - "GET /assets/css/core.css HTTP/1.1" 304 - "http://localhost:8080/incident/reRegister/5a5c8adf03d30eb01513d441" "Mozilla/5.0 (Windows NT 10.0; Win64; x64) AppleWebKit/537.36 (KHTML, like Gecko) Chrome/66.0.3359.181 Safari/537.36"
[2018-05-24 14:23:34.823] [WARN] http - ::1 - - "GET /assets/css/icons.css HTTP/1.1" 304 - "http://localhost:8080/incident/reRegister/5a5c8adf03d30eb01513d441" "Mozilla/5.0 (Windows NT 10.0; Win64; x64) AppleWebKit/537.36 (KHTML, like Gecko) Chrome/66.0.3359.181 Safari/537.36"
[2018-05-24 14:23:34.824] [WARN] http - ::1 - - "GET /assets/css/components.css HTTP/1.1" 304 - "http://localhost:8080/incident/reRegister/5a5c8adf03d30eb01513d441" "Mozilla/5.0 (Windows NT 10.0; Win64; x64) AppleWebKit/537.36 (KHTML, like Gecko) Chrome/66.0.3359.181 Safari/537.36"
[2018-05-24 14:23:34.827] [WARN] http - ::1 - - "GET /assets/css/bootstrap.min.css HTTP/1.1" 304 - "http://localhost:8080/incident/reRegister/5a5c8adf03d30eb01513d441" "Mozilla/5.0 (Windows NT 10.0; Win64; x64) AppleWebKit/537.36 (KHTML, like Gecko) Chrome/66.0.3359.181 Safari/537.36"
[2018-05-24 14:23:34.835] [WARN] http - ::1 - - "GET /assets/css/menu_light.css HTTP/1.1" 304 - "http://localhost:8080/incident/reRegister/5a5c8adf03d30eb01513d441" "Mozilla/5.0 (Windows NT 10.0; Win64; x64) AppleWebKit/537.36 (KHTML, like Gecko) Chrome/66.0.3359.181 Safari/537.36"
[2018-05-24 14:23:34.835] [WARN] http - ::1 - - "GET /assets/css/responsive.css HTTP/1.1" 304 - "http://localhost:8080/incident/reRegister/5a5c8adf03d30eb01513d441" "Mozilla/5.0 (Windows NT 10.0; Win64; x64) AppleWebKit/537.36 (KHTML, like Gecko) Chrome/66.0.3359.181 Safari/537.36"
[2018-05-24 14:23:34.835] [WARN] http - ::1 - - "GET /assets/js/modernizr.min.js HTTP/1.1" 304 - "http://localhost:8080/incident/reRegister/5a5c8adf03d30eb01513d441" "Mozilla/5.0 (Windows NT 10.0; Win64; x64) AppleWebKit/537.36 (KHTML, like Gecko) Chrome/66.0.3359.181 Safari/537.36"
[2018-05-24 14:23:34.835] [WARN] http - ::1 - - "GET /assets/js/jquery.min.js HTTP/1.1" 304 - "http://localhost:8080/incident/reRegister/5a5c8adf03d30eb01513d441" "Mozilla/5.0 (Windows NT 10.0; Win64; x64) AppleWebKit/537.36 (KHTML, like Gecko) Chrome/66.0.3359.181 Safari/537.36"
[2018-05-24 14:23:34.837] [WARN] http - ::1 - - "GET /assets/js/bootstrap.min.js HTTP/1.1" 304 - "http://localhost:8080/incident/reRegister/5a5c8adf03d30eb01513d441" "Mozilla/5.0 (Windows NT 10.0; Win64; x64) AppleWebKit/537.36 (KHTML, like Gecko) Chrome/66.0.3359.181 Safari/537.36"
[2018-05-24 14:23:34.837] [WARN] http - ::1 - - "GET /isu/js/incident/reRegister.js HTTP/1.1" 304 - "http://localhost:8080/incident/reRegister/5a5c8adf03d30eb01513d441" "Mozilla/5.0 (Windows NT 10.0; Win64; x64) AppleWebKit/537.36 (KHTML, like Gecko) Chrome/66.0.3359.181 Safari/537.36"
[2018-05-24 14:23:34.842] [WARN] http - ::1 - - "GET /assets/js/jquery.core.js HTTP/1.1" 304 - "http://localhost:8080/incident/reRegister/5a5c8adf03d30eb01513d441" "Mozilla/5.0 (Windows NT 10.0; Win64; x64) AppleWebKit/537.36 (KHTML, like Gecko) Chrome/66.0.3359.181 Safari/537.36"
[2018-05-24 14:23:34.845] [WARN] http - ::1 - - "GET /assets/js/jquery.app.js HTTP/1.1" 304 - "http://localhost:8080/incident/reRegister/5a5c8adf03d30eb01513d441" "Mozilla/5.0 (Windows NT 10.0; Win64; x64) AppleWebKit/537.36 (KHTML, like Gecko) Chrome/66.0.3359.181 Safari/537.36"
[2018-05-24 14:23:34.848] [WARN] http - ::1 - - "GET /isu/images/ci_isu_white.png HTTP/1.1" 304 - "http://localhost:8080/incident/reRegister/5a5c8adf03d30eb01513d441" "Mozilla/5.0 (Windows NT 10.0; Win64; x64) AppleWebKit/537.36 (KHTML, like Gecko) Chrome/66.0.3359.181 Safari/537.36"
[2018-05-24 14:23:34.896] [WARN] http - ::1 - - "GET /assets/fonts/Material-Design-Iconic-Font.woff?v=1.0.1 HTTP/1.1" 304 - "http://localhost:8080/assets/css/icons.css" "Mozilla/5.0 (Windows NT 10.0; Win64; x64) AppleWebKit/537.36 (KHTML, like Gecko) Chrome/66.0.3359.181 Safari/537.36"
[2018-05-24 14:23:34.898] [WARN] http - ::1 - - "GET /assets/fonts/fontawesome-webfont.woff2?v=4.7.0 HTTP/1.1" 304 - "http://localhost:8080/assets/css/icons.css" "Mozilla/5.0 (Windows NT 10.0; Win64; x64) AppleWebKit/537.36 (KHTML, like Gecko) Chrome/66.0.3359.181 Safari/537.36"
